[35m[1mConsolidate compiler generated dependencies of target number_counter[0m
[ 25%] Built target cpp_node
[ 25%] Built target robot_news_station
[ 43%] Built target add_two_ints_server
[ 56%] Built target add_two_ints_client_no_oop
[ 62%] Built target smartphone
[ 75%] Built target number_publisher
[ 87%] Built target add_two_ints_client
[ 93%] [32mBuilding CXX object CMakeFiles/number_counter.dir/src/number_counter.cpp.o[0m
[01m[K/home/emirhan/ros2_ws/src/mp_cpp_pkg/src/number_counter.cpp:[m[K In member function ‘[01m[Kvoid numberCounterNode::numberCallNumberPublisher(example_interfaces::msg::Int64_<std::allocator<void> >::SharedPtr)[m[K’:
[01m[K/home/emirhan/ros2_ws/src/mp_cpp_pkg/src/number_counter.cpp:21:84:[m[K [01;35m[Kwarning: [m[Kunused parameter ‘[01m[Kmsg[m[K’ [[01;35m[K]8;;https://gcc.gnu.org/onlinedocs/gcc/Warning-Options.html#index-Wunused-parameter-Wunused-parameter]8;;[m[K]
   21 |     void numberCallNumberPublisher([01;35m[Kconst example_interfaces::msg::Int64::SharedPtr msg[m[K)
      |                                    [01;35m[K~~~~~~~~~~~~~~~~~~~~~~~~~~~~~~~~~~~~~~~~~~~~~~~~^~~[m[K
[01m[K/home/emirhan/ros2_ws/src/mp_cpp_pkg/src/number_counter.cpp:[m[K In member function ‘[01m[Kvoid numberCounterNode::resetCounterService(std::shared_ptr<example_interfaces::srv::SetBool_Request_<std::allocator<void> > >, std::shared_ptr<example_interfaces::srv::SetBool_Response_<std::allocator<void> > >)[m[K’:
[01m[K/home/emirhan/ros2_ws/src/mp_cpp_pkg/src/number_counter.cpp:34:24:[m[K [01;31m[Kerror: [m[Kno match for ‘[01m[Koperator=[m[K’ (operand types are ‘[01m[Kexample_interfaces::msg::Int64_<std::allocator<void> >[m[K’ and ‘[01m[Kint[m[K’)
   34 |             counter_ = [01;31m[K0[m[K;
      |                        [01;31m[K^[m[K
In file included from [01m[K/opt/ros/humble/include/example_interfaces/example_interfaces/msg/int64.hpp:7[m[K,
                 from [01m[K/home/emirhan/ros2_ws/src/mp_cpp_pkg/src/number_counter.cpp:2[m[K:
[01m[K/opt/ros/humble/include/example_interfaces/example_interfaces/msg/detail/int64__struct.hpp:32:8:[m[K [01;36m[Knote: [m[Kcandidate: ‘[01m[Kconstexpr example_interfaces::msg::Int64_<std::allocator<void> >& example_interfaces::msg::Int64_<std::allocator<void> >::operator=(const example_interfaces::msg::Int64_<std::allocator<void> >&)[m[K’
   32 | struct [01;36m[KInt64_[m[K
      |        [01;36m[K^~~~~~[m[K
[01m[K/opt/ros/humble/include/example_interfaces/example_interfaces/msg/detail/int64__struct.hpp:32:8:[m[K [01;36m[Knote: [m[K  no known conversion for argument 1 from ‘[01m[Kint[m[K’ to ‘[01m[Kconst example_interfaces::msg::Int64_<std::allocator<void> >&[m[K’
[01m[K/opt/ros/humble/include/example_interfaces/example_interfaces/msg/detail/int64__struct.hpp:32:8:[m[K [01;36m[Knote: [m[Kcandidate: ‘[01m[Kconstexpr example_interfaces::msg::Int64_<std::allocator<void> >& example_interfaces::msg::Int64_<std::allocator<void> >::operator=(example_interfaces::msg::Int64_<std::allocator<void> >&&)[m[K’
[01m[K/opt/ros/humble/include/example_interfaces/example_interfaces/msg/detail/int64__struct.hpp:32:8:[m[K [01;36m[Knote: [m[K  no known conversion for argument 1 from ‘[01m[Kint[m[K’ to ‘[01m[Kexample_interfaces::msg::Int64_<std::allocator<void> >&&[m[K’
gmake[2]: *** [CMakeFiles/number_counter.dir/build.make:76: CMakeFiles/number_counter.dir/src/number_counter.cpp.o] Error 1
gmake[1]: *** [CMakeFiles/Makefile2:255: CMakeFiles/number_counter.dir/all] Error 2
gmake: *** [Makefile:146: all] Error 2
