[0.570s] Invoking command in '/home/emirhan/ros2_ws/src/my_py_pkg': PYTHONPATH=/home/emirhan/ros2_ws/build/my_py_pkg/prefix_override:/home/emirhan/ros2_ws/install/my_py_pkg/lib/python3.10/site-packages:${PYTHONPATH} /usr/bin/python3 setup.py egg_info --egg-base ../../build/my_py_pkg build --build-base /home/emirhan/ros2_ws/build/my_py_pkg/build install --record /home/emirhan/ros2_ws/build/my_py_pkg/install.log --single-version-externally-managed
[0.795s] running egg_info
[0.795s] writing ../../build/my_py_pkg/my_py_pkg.egg-info/PKG-INFO
[0.795s] writing dependency_links to ../../build/my_py_pkg/my_py_pkg.egg-info/dependency_links.txt
[0.796s] writing entry points to ../../build/my_py_pkg/my_py_pkg.egg-info/entry_points.txt
[0.796s] writing requirements to ../../build/my_py_pkg/my_py_pkg.egg-info/requires.txt
[0.796s] writing top-level names to ../../build/my_py_pkg/my_py_pkg.egg-info/top_level.txt
[0.797s] reading manifest file '../../build/my_py_pkg/my_py_pkg.egg-info/SOURCES.txt'
[0.798s] writing manifest file '../../build/my_py_pkg/my_py_pkg.egg-info/SOURCES.txt'
[0.798s] running build
[0.798s] running build_py
[0.799s] copying my_py_pkg/my_first_node.py -> /home/emirhan/ros2_ws/build/my_py_pkg/build/lib/my_py_pkg
[0.799s] running install
[0.799s] running install_lib
[0.800s] copying /home/emirhan/ros2_ws/build/my_py_pkg/build/lib/my_py_pkg/my_first_node.py -> /home/emirhan/ros2_ws/install/my_py_pkg/lib/python3.10/site-packages/my_py_pkg
[0.800s] byte-compiling /home/emirhan/ros2_ws/install/my_py_pkg/lib/python3.10/site-packages/my_py_pkg/my_first_node.py to my_first_node.cpython-310.pyc
[0.801s] running install_data
[0.801s] running install_egg_info
[0.803s] removing '/home/emirhan/ros2_ws/install/my_py_pkg/lib/python3.10/site-packages/my_py_pkg-0.0.0-py3.10.egg-info' (and everything under it)
[0.803s] Copying ../../build/my_py_pkg/my_py_pkg.egg-info to /home/emirhan/ros2_ws/install/my_py_pkg/lib/python3.10/site-packages/my_py_pkg-0.0.0-py3.10.egg-info
[0.804s] running install_scripts
[0.820s] Installing py_node = my_py_pkg.my_first_node:mainVideo_20_node script to /home/emirhan/ros2_ws/install/my_py_pkg/lib/my_py_pkg
[0.820s] writing list of installed files to '/home/emirhan/ros2_ws/build/my_py_pkg/install.log'
[0.840s] Invoked command in '/home/emirhan/ros2_ws/src/my_py_pkg' returned '0': PYTHONPATH=/home/emirhan/ros2_ws/build/my_py_pkg/prefix_override:/home/emirhan/ros2_ws/install/my_py_pkg/lib/python3.10/site-packages:${PYTHONPATH} /usr/bin/python3 setup.py egg_info --egg-base ../../build/my_py_pkg build --build-base /home/emirhan/ros2_ws/build/my_py_pkg/build install --record /home/emirhan/ros2_ws/build/my_py_pkg/install.log --single-version-externally-managed
