[0.519s] Invoking command in '/home/emirhan/ros2_ws/src/my_py_pkg': PYTHONPATH=/home/emirhan/ros2_ws/build/my_py_pkg/prefix_override:/home/emirhan/ros2_ws/install/my_py_pkg/lib/python3.10/site-packages:${PYTHONPATH} /usr/bin/python3 setup.py egg_info --egg-base ../../build/my_py_pkg build --build-base /home/emirhan/ros2_ws/build/my_py_pkg/build install --record /home/emirhan/ros2_ws/build/my_py_pkg/install.log --single-version-externally-managed
[0.719s] running egg_info
[0.720s] creating ../../build/my_py_pkg/my_py_pkg.egg-info
[0.720s] writing ../../build/my_py_pkg/my_py_pkg.egg-info/PKG-INFO
[0.720s] writing dependency_links to ../../build/my_py_pkg/my_py_pkg.egg-info/dependency_links.txt
[0.720s] writing entry points to ../../build/my_py_pkg/my_py_pkg.egg-info/entry_points.txt
[0.721s] writing requirements to ../../build/my_py_pkg/my_py_pkg.egg-info/requires.txt
[0.721s] writing top-level names to ../../build/my_py_pkg/my_py_pkg.egg-info/top_level.txt
[0.721s] writing manifest file '../../build/my_py_pkg/my_py_pkg.egg-info/SOURCES.txt'
[0.722s] reading manifest file '../../build/my_py_pkg/my_py_pkg.egg-info/SOURCES.txt'
[0.723s] writing manifest file '../../build/my_py_pkg/my_py_pkg.egg-info/SOURCES.txt'
[0.723s] running build
[0.723s] running build_py
[0.723s] creating /home/emirhan/ros2_ws/build/my_py_pkg/build
[0.724s] creating /home/emirhan/ros2_ws/build/my_py_pkg/build/lib
[0.724s] creating /home/emirhan/ros2_ws/build/my_py_pkg/build/lib/my_py_pkg
[0.724s] copying my_py_pkg/__init__.py -> /home/emirhan/ros2_ws/build/my_py_pkg/build/lib/my_py_pkg
[0.724s] running install
[0.724s] running install_lib
[0.724s] /usr/lib/python3/dist-packages/setuptools/command/install.py:34: SetuptoolsDeprecationWarning: setup.py install is deprecated. Use build and pip and other standards-based tools.
[0.724s]   warnings.warn(
[0.724s] creating /home/emirhan/ros2_ws/install/my_py_pkg/lib/python3.10/site-packages/my_py_pkg
[0.725s] copying /home/emirhan/ros2_ws/build/my_py_pkg/build/lib/my_py_pkg/__init__.py -> /home/emirhan/ros2_ws/install/my_py_pkg/lib/python3.10/site-packages/my_py_pkg
[0.725s] byte-compiling /home/emirhan/ros2_ws/install/my_py_pkg/lib/python3.10/site-packages/my_py_pkg/__init__.py to __init__.cpython-310.pyc
[0.725s] running install_data
[0.726s] creating /home/emirhan/ros2_ws/install/my_py_pkg/share/ament_index
[0.726s] creating /home/emirhan/ros2_ws/install/my_py_pkg/share/ament_index/resource_index
[0.726s] creating /home/emirhan/ros2_ws/install/my_py_pkg/share/ament_index/resource_index/packages
[0.726s] copying resource/my_py_pkg -> /home/emirhan/ros2_ws/install/my_py_pkg/share/ament_index/resource_index/packages
[0.726s] copying package.xml -> /home/emirhan/ros2_ws/install/my_py_pkg/share/my_py_pkg
[0.726s] running install_egg_info
[0.728s] Copying ../../build/my_py_pkg/my_py_pkg.egg-info to /home/emirhan/ros2_ws/install/my_py_pkg/lib/python3.10/site-packages/my_py_pkg-0.0.0-py3.10.egg-info
[0.729s] running install_scripts
[0.746s] writing list of installed files to '/home/emirhan/ros2_ws/build/my_py_pkg/install.log'
[0.764s] Invoked command in '/home/emirhan/ros2_ws/src/my_py_pkg' returned '0': PYTHONPATH=/home/emirhan/ros2_ws/build/my_py_pkg/prefix_override:/home/emirhan/ros2_ws/install/my_py_pkg/lib/python3.10/site-packages:${PYTHONPATH} /usr/bin/python3 setup.py egg_info --egg-base ../../build/my_py_pkg build --build-base /home/emirhan/ros2_ws/build/my_py_pkg/build install --record /home/emirhan/ros2_ws/build/my_py_pkg/install.log --single-version-externally-managed
