In file included from [01m[K/opt/ros/humble/include/rclcpp/rclcpp/client.hpp:40[m[K,
                 from [01m[K/opt/ros/humble/include/rclcpp/rclcpp/callback_group.hpp:24[m[K,
                 from [01m[K/opt/ros/humble/include/rclcpp/rclcpp/any_executable.hpp:20[m[K,
                 from [01m[K/opt/ros/humble/include/rclcpp/rclcpp/memory_strategy.hpp:25[m[K,
                 from [01m[K/opt/ros/humble/include/rclcpp/rclcpp/memory_strategies.hpp:18[m[K,
                 from [01m[K/opt/ros/humble/include/rclcpp/rclcpp/executor_options.hpp:20[m[K,
                 from [01m[K/opt/ros/humble/include/rclcpp/rclcpp/executor.hpp:37[m[K,
                 from [01m[K/opt/ros/humble/include/rclcpp/rclcpp/executors/multi_threaded_executor.hpp:25[m[K,
                 from [01m[K/opt/ros/humble/include/rclcpp/rclcpp/executors.hpp:21[m[K,
                 from [01m[K/opt/ros/humble/include/rclcpp/rclcpp/rclcpp.hpp:155[m[K,
                 from [01m[K/home/emirhan/ros2_ws/src/mp_cpp_pkg/src/add_two_ints_client_no_oop.cpp:1[m[K:
[01m[K/home/emirhan/ros2_ws/src/mp_cpp_pkg/src/add_two_ints_client_no_oop.cpp:[m[K In function ‘[01m[Kint main(int, char**)[m[K’:
[01m[K/home/emirhan/ros2_ws/src/mp_cpp_pkg/src/add_two_ints_client_no_oop.cpp:13:41:[m[K [01;31m[Kerror: [m[Kexpected unqualified-id before string constant
   13 |         RCLCPP_WARN(node->get_logger(). [01;31m[K"waiting for the server to be up..."[m[K);
      |                                         [01;31m[K^~~~~~~~~~~~~~~~~~~~~~~~~~~~~~~~~~~~[m[K
[01m[K/home/emirhan/ros2_ws/src/mp_cpp_pkg/src/add_two_ints_client_no_oop.cpp:13:9:[m[K [01;31m[Kerror: [m[Ktemplate argument 1 is invalid
   13 |         [01;31m[KRCLCPP_WARN[m[K(node->get_logger(). "waiting for the server to be up...");
      |         [01;31m[K^~~~~~~~~~~[m[K
[01m[K/home/emirhan/ros2_ws/src/mp_cpp_pkg/src/add_two_ints_client_no_oop.cpp:13:9:[m[K [01;31m[Kerror: [m[K‘[01m[K<declaration error>[m[K’ is not a template [[01;31m[K]8;;https://gcc.gnu.org/onlinedocs/gcc/Warning-Options.html#index-fpermissive-fpermissive]8;;[m[K]
   13 |         [01;31m[KRCLCPP_WARN[m[K(node->get_logger(). "waiting for the server to be up...");
      |         [01;31m[K^~~~~~~~~~~[m[K
[01m[K/home/emirhan/ros2_ws/src/mp_cpp_pkg/src/add_two_ints_client_no_oop.cpp:13:9:[m[K [01;31m[Kerror: [m[Ktemplate argument 1 is invalid
   13 |         [01;31m[KRCLCPP_WARN[m[K(node->get_logger(). "waiting for the server to be up...");
      |         [01;31m[K^~~~~~~~~~~[m[K
[01m[K/home/emirhan/ros2_ws/src/mp_cpp_pkg/src/add_two_ints_client_no_oop.cpp:13:9:[m[K [01;31m[Kerror: [m[K‘[01m[K<declaration error>[m[K’ is not a template [[01;31m[K]8;;https://gcc.gnu.org/onlinedocs/gcc/Warning-Options.html#index-fpermissive-fpermissive]8;;[m[K]
   13 |         [01;31m[KRCLCPP_WARN[m[K(node->get_logger(). "waiting for the server to be up...");
      |         [01;31m[K^~~~~~~~~~~[m[K
[01m[K/home/emirhan/ros2_ws/src/mp_cpp_pkg/src/add_two_ints_client_no_oop.cpp:13:9:[m[K [01;31m[Kerror: [m[Ktemplate argument 1 is invalid
   13 |         [01;31m[KRCLCPP_WARN[m[K(node->get_logger(). "waiting for the server to be up...");
      |         [01;31m[K^~~~~~~~~~~[m[K
In file included from [01m[K/opt/ros/humble/include/rclcpp/rclcpp/logging.hpp:24[m[K,
                 from [01m[K/opt/ros/humble/include/rclcpp/rclcpp/client.hpp:40[m[K,
                 from [01m[K/opt/ros/humble/include/rclcpp/rclcpp/callback_group.hpp:24[m[K,
                 from [01m[K/opt/ros/humble/include/rclcpp/rclcpp/any_executable.hpp:20[m[K,
                 from [01m[K/opt/ros/humble/include/rclcpp/rclcpp/memory_strategy.hpp:25[m[K,
                 from [01m[K/opt/ros/humble/include/rclcpp/rclcpp/memory_strategies.hpp:18[m[K,
                 from [01m[K/opt/ros/humble/include/rclcpp/rclcpp/executor_options.hpp:20[m[K,
                 from [01m[K/opt/ros/humble/include/rclcpp/rclcpp/executor.hpp:37[m[K,
                 from [01m[K/opt/ros/humble/include/rclcpp/rclcpp/executors/multi_threaded_executor.hpp:25[m[K,
                 from [01m[K/opt/ros/humble/include/rclcpp/rclcpp/executors.hpp:21[m[K,
                 from [01m[K/opt/ros/humble/include/rclcpp/rclcpp/rclcpp.hpp:155[m[K,
                 from [01m[K/home/emirhan/ros2_ws/src/mp_cpp_pkg/src/add_two_ints_client_no_oop.cpp:1[m[K:
[01m[K/home/emirhan/ros2_ws/src/mp_cpp_pkg/src/add_two_ints_client_no_oop.cpp:13:41:[m[K [01;31m[Kerror: [m[Kexpected unqualified-id before string constant
   13 |         RCLCPP_WARN(node->get_logger(). [01;31m[K"waiting for the server to be up..."[m[K);
      |                                         [01;31m[K^~~~~~~~~~~~~~~~~~~~~~~~~~~~~~~~~~~~[m[K
[01m[K/home/emirhan/ros2_ws/src/mp_cpp_pkg/src/add_two_ints_client_no_oop.cpp:13:41:[m[K [01;31m[Kerror: [m[Kexpected ‘[01m[K)[m[K’ before string constant
[01m[K/home/emirhan/ros2_ws/src/mp_cpp_pkg/src/add_two_ints_client_no_oop.cpp:13:9:[m[K [01;36m[Knote: [m[Kto match this ‘[01m[K([m[K’
   13 |         [01;36m[KRCLCPP_WARN[m[K(node->get_logger(). "waiting for the server to be up...");
      |         [01;36m[K^~~~~~~~~~~[m[K
[01m[K/home/emirhan/ros2_ws/src/mp_cpp_pkg/src/add_two_ints_client_no_oop.cpp:13:9:[m[K [01;31m[Kerror: [m[Kexpected ‘[01m[K)[m[K’ before ‘[01m[K}[m[K’ token
   13 |         [01;31m[KRCLCPP_WARN[m[K(node->get_logger(). "waiting for the server to be up...");
      |         [01;31m[K^~~~~~~~~~~[m[K
[01m[K/home/emirhan/ros2_ws/src/mp_cpp_pkg/src/add_two_ints_client_no_oop.cpp:13:9:[m[K [01;31m[Kerror: [m[Kexpected primary-expression before ‘[01m[K}[m[K’ token
gmake[2]: *** [CMakeFiles/add_two_ints_client_no_oop.dir/build.make:76: CMakeFiles/add_two_ints_client_no_oop.dir/src/add_two_ints_client_no_oop.cpp.o] Error 1
gmake[1]: *** [CMakeFiles/Makefile2:305: CMakeFiles/add_two_ints_client_no_oop.dir/all] Error 2
gmake: *** [Makefile:146: all] Error 2
