[0.012s] Invoking command in '/home/emirhan/ros2_ws/build/mp_cpp_pkg': CMAKE_PREFIX_PATH=${CMAKE_PREFIX_PATH}:/home/emirhan/ros2_ws/install/my_py_pkg:/opt/ros/humble /usr/bin/cmake --build /home/emirhan/ros2_ws/build/mp_cpp_pkg -- -j8 -l8
[0.058s] [35m[1mConsolidate compiler generated dependencies of target number_counter[0m
[0.075s] [ 12%] Built target cpp_node
[0.075s] [ 37%] Built target add_two_ints_server
[0.075s] [ 37%] Built target smartphone
[0.076s] [ 50%] Built target robot_news_station
[0.077s] [ 62%] Built target number_publisher
[0.079s] [ 75%] Built target add_two_ints_client
[0.082s] [ 81%] [32mBuilding CXX object CMakeFiles/number_counter.dir/src/number_counter.cpp.o[0m
[0.082s] [ 93%] Built target add_two_ints_client_no_oop
[2.069s] [01m[K/home/emirhan/ros2_ws/src/mp_cpp_pkg/src/number_counter.cpp:[m[K In member function ‘[01m[Kvoid numberCounterNode::numberCallNumberPublisher(example_interfaces::msg::Int64_<std::allocator<void> >::SharedPtr)[m[K’:
[2.069s] [01m[K/home/emirhan/ros2_ws/src/mp_cpp_pkg/src/number_counter.cpp:21:84:[m[K [01;35m[Kwarning: [m[Kunused parameter ‘[01m[Kmsg[m[K’ [[01;35m[K]8;;https://gcc.gnu.org/onlinedocs/gcc/Warning-Options.html#index-Wunused-parameter-Wunused-parameter]8;;[m[K]
[2.069s]    21 |     void numberCallNumberPublisher([01;35m[Kconst example_interfaces::msg::Int64::SharedPtr msg[m[K)
[2.070s]       |                                    [01;35m[K~~~~~~~~~~~~~~~~~~~~~~~~~~~~~~~~~~~~~~~~~~~~~~~~^~~[m[K
[2.072s] [01m[K/home/emirhan/ros2_ws/src/mp_cpp_pkg/src/number_counter.cpp:[m[K In member function ‘[01m[Kvoid numberCounterNode::resetCounterService(std::shared_ptr<example_interfaces::srv::SetBool_Request_<std::allocator<void> > >, std::shared_ptr<example_interfaces::srv::SetBool_Response_<std::allocator<void> > >)[m[K’:
[2.072s] [01m[K/home/emirhan/ros2_ws/src/mp_cpp_pkg/src/number_counter.cpp:29:22:[m[K [01;31m[Kerror: [m[K‘[01m[Kusing element_type = struct example_interfaces::srv::SetBool_Request_<std::allocator<void> >[m[K’ {aka ‘[01m[Kstruct example_interfaces::srv::SetBool_Request_<std::allocator<void> >[m[K’} has no member named ‘[01m[Kcounter_[m[K’
[2.072s]    29 |         if (request->[01;31m[Kcounter_[m[K) {
[2.072s]       |                      [01;31m[K^~~~~~~~[m[K
[2.072s] [01m[K/home/emirhan/ros2_ws/src/mp_cpp_pkg/src/number_counter.cpp:30:19:[m[K [01;31m[Kerror: [m[K‘[01m[Kclass numberCounterNode[m[K’ has no member named ‘[01m[Kcounter_[m[K’
[2.072s]    30 |             this->[01;31m[Kcounter_[m[K = 0;
[2.073s]       |                   [01;31m[K^~~~~~~~[m[K
[4.146s] gmake[2]: *** [CMakeFiles/number_counter.dir/build.make:76: CMakeFiles/number_counter.dir/src/number_counter.cpp.o] Error 1
[4.146s] gmake[1]: *** [CMakeFiles/Makefile2:255: CMakeFiles/number_counter.dir/all] Error 2
[4.146s] gmake: *** [Makefile:146: all] Error 2
[4.148s] Invoked command in '/home/emirhan/ros2_ws/build/mp_cpp_pkg' returned '2': CMAKE_PREFIX_PATH=${CMAKE_PREFIX_PATH}:/home/emirhan/ros2_ws/install/my_py_pkg:/opt/ros/humble /usr/bin/cmake --build /home/emirhan/ros2_ws/build/mp_cpp_pkg -- -j8 -l8
