[0.016s] Invoking command in '/home/emirhan/ros2_ws/src/build/mp_cpp_pkg': CMAKE_PREFIX_PATH=/home/emirhan/ros2_ws/install/my_py_pkg:/opt/ros/humble /usr/bin/cmake /home/emirhan/ros2_ws/src/my_cpp_pkg -DCMAKE_INSTALL_PREFIX=/home/emirhan/ros2_ws/src/install/mp_cpp_pkg
[0.060s] -- The C compiler identification is GNU 11.3.0
[0.107s] -- The CXX compiler identification is GNU 11.3.0
[0.114s] -- Detecting C compiler ABI info
[0.169s] -- Detecting C compiler ABI info - done
[0.175s] -- Check for working C compiler: /usr/bin/cc - skipped
[0.175s] -- Detecting C compile features
[0.176s] -- Detecting C compile features - done
[0.178s] -- Detecting CXX compiler ABI info
[0.243s] -- Detecting CXX compiler ABI info - done
[0.250s] -- Check for working CXX compiler: /usr/bin/c++ - skipped
[0.250s] -- Detecting CXX compile features
[0.250s] -- Detecting CXX compile features - done
[0.252s] -- Found ament_cmake: 1.3.5 (/opt/ros/humble/share/ament_cmake/cmake)
[0.393s] -- Found Python3: /usr/bin/python3.10 (found version "3.10.6") found components: Interpreter 
[0.464s] -- Found rclcpp: 16.0.4 (/opt/ros/humble/share/rclcpp/cmake)
[0.498s] -- Found rosidl_generator_c: 3.1.4 (/opt/ros/humble/share/rosidl_generator_c/cmake)
[0.502s] -- Found rosidl_adapter: 3.1.4 (/opt/ros/humble/share/rosidl_adapter/cmake)
[0.509s] -- Found rosidl_generator_cpp: 3.1.4 (/opt/ros/humble/share/rosidl_generator_cpp/cmake)
[0.521s] -- Using all available rosidl_typesupport_c: rosidl_typesupport_fastrtps_c;rosidl_typesupport_introspection_c
[0.538s] -- Using all available rosidl_typesupport_cpp: rosidl_typesupport_fastrtps_cpp;rosidl_typesupport_introspection_cpp
[0.600s] -- Found rmw_implementation_cmake: 6.1.1 (/opt/ros/humble/share/rmw_implementation_cmake/cmake)
[0.602s] -- Found rmw_fastrtps_cpp: 6.2.2 (/opt/ros/humble/share/rmw_fastrtps_cpp/cmake)
[0.682s] -- Found OpenSSL: /usr/lib/x86_64-linux-gnu/libcrypto.so (found version "3.0.2")  
[0.703s] -- Found FastRTPS: /opt/ros/humble/include  
[0.743s] -- Using RMW implementation 'rmw_fastrtps_cpp' as default
[0.751s] -- Looking for pthread.h
[0.809s] -- Looking for pthread.h - found
[0.809s] -- Performing Test CMAKE_HAVE_LIBC_PTHREAD
[0.871s] -- Performing Test CMAKE_HAVE_LIBC_PTHREAD - Success
[0.872s] -- Found Threads: TRUE  
[1.021s] -- Found ament_lint_auto: 0.12.6 (/opt/ros/humble/share/ament_lint_auto/cmake)
[1.085s] -- Added test 'lint_cmake' to check CMake code style
[1.086s] -- Added test 'xmllint' to check XML markup files
[1.087s] -- Configuring done
[1.091s] -- Generating done
[1.092s] -- Build files have been written to: /home/emirhan/ros2_ws/src/build/mp_cpp_pkg
[1.099s] Invoked command in '/home/emirhan/ros2_ws/src/build/mp_cpp_pkg' returned '0': CMAKE_PREFIX_PATH=/home/emirhan/ros2_ws/install/my_py_pkg:/opt/ros/humble /usr/bin/cmake /home/emirhan/ros2_ws/src/my_cpp_pkg -DCMAKE_INSTALL_PREFIX=/home/emirhan/ros2_ws/src/install/mp_cpp_pkg
[1.101s] Invoking command in '/home/emirhan/ros2_ws/src/build/mp_cpp_pkg': CMAKE_PREFIX_PATH=/home/emirhan/ros2_ws/install/my_py_pkg:/opt/ros/humble /usr/bin/cmake --build /home/emirhan/ros2_ws/src/build/mp_cpp_pkg -- -j8 -l8
[1.132s] Invoked command in '/home/emirhan/ros2_ws/src/build/mp_cpp_pkg' returned '0': CMAKE_PREFIX_PATH=/home/emirhan/ros2_ws/install/my_py_pkg:/opt/ros/humble /usr/bin/cmake --build /home/emirhan/ros2_ws/src/build/mp_cpp_pkg -- -j8 -l8
[1.156s] Invoking command in '/home/emirhan/ros2_ws/src/build/mp_cpp_pkg': CMAKE_PREFIX_PATH=/home/emirhan/ros2_ws/install/my_py_pkg:/opt/ros/humble /usr/bin/cmake --install /home/emirhan/ros2_ws/src/build/mp_cpp_pkg
[1.162s] -- Install configuration: ""
[1.162s] -- Installing: /home/emirhan/ros2_ws/src/install/mp_cpp_pkg/share/ament_index/resource_index/package_run_dependencies/mp_cpp_pkg
[1.162s] -- Installing: /home/emirhan/ros2_ws/src/install/mp_cpp_pkg/share/ament_index/resource_index/parent_prefix_path/mp_cpp_pkg
[1.163s] -- Installing: /home/emirhan/ros2_ws/src/install/mp_cpp_pkg/share/mp_cpp_pkg/environment/ament_prefix_path.sh
[1.163s] -- Installing: /home/emirhan/ros2_ws/src/install/mp_cpp_pkg/share/mp_cpp_pkg/environment/ament_prefix_path.dsv
[1.163s] -- Installing: /home/emirhan/ros2_ws/src/install/mp_cpp_pkg/share/mp_cpp_pkg/environment/path.sh
[1.163s] -- Installing: /home/emirhan/ros2_ws/src/install/mp_cpp_pkg/share/mp_cpp_pkg/environment/path.dsv
[1.163s] -- Installing: /home/emirhan/ros2_ws/src/install/mp_cpp_pkg/share/mp_cpp_pkg/local_setup.bash
[1.163s] -- Installing: /home/emirhan/ros2_ws/src/install/mp_cpp_pkg/share/mp_cpp_pkg/local_setup.sh
[1.163s] -- Installing: /home/emirhan/ros2_ws/src/install/mp_cpp_pkg/share/mp_cpp_pkg/local_setup.zsh
[1.163s] -- Installing: /home/emirhan/ros2_ws/src/install/mp_cpp_pkg/share/mp_cpp_pkg/local_setup.dsv
[1.163s] -- Installing: /home/emirhan/ros2_ws/src/install/mp_cpp_pkg/share/mp_cpp_pkg/package.dsv
[1.164s] -- Installing: /home/emirhan/ros2_ws/src/install/mp_cpp_pkg/share/ament_index/resource_index/packages/mp_cpp_pkg
[1.164s] -- Installing: /home/emirhan/ros2_ws/src/install/mp_cpp_pkg/share/mp_cpp_pkg/cmake/mp_cpp_pkgConfig.cmake
[1.164s] -- Installing: /home/emirhan/ros2_ws/src/install/mp_cpp_pkg/share/mp_cpp_pkg/cmake/mp_cpp_pkgConfig-version.cmake
[1.164s] -- Installing: /home/emirhan/ros2_ws/src/install/mp_cpp_pkg/share/mp_cpp_pkg/package.xml
[1.165s] Invoked command in '/home/emirhan/ros2_ws/src/build/mp_cpp_pkg' returned '0': CMAKE_PREFIX_PATH=/home/emirhan/ros2_ws/install/my_py_pkg:/opt/ros/humble /usr/bin/cmake --install /home/emirhan/ros2_ws/src/build/mp_cpp_pkg
