[0.605s] Invoking command in '/home/emirhan/ros2_ws/build/my_py_pkg': PYTHONPATH=/home/emirhan/ros2_ws/build/my_py_pkg/prefix_override:/home/emirhan/ros2_ws/install/my_py_pkg/lib/python3.10/site-packages:${PYTHONPATH} /usr/bin/python3 setup.py develop --uninstall --editable --build-directory /home/emirhan/ros2_ws/build/my_py_pkg/build
[0.850s] running develop
[1.029s] Invoked command in '/home/emirhan/ros2_ws/build/my_py_pkg' returned '0': PYTHONPATH=/home/emirhan/ros2_ws/build/my_py_pkg/prefix_override:/home/emirhan/ros2_ws/install/my_py_pkg/lib/python3.10/site-packages:${PYTHONPATH} /usr/bin/python3 setup.py develop --uninstall --editable --build-directory /home/emirhan/ros2_ws/build/my_py_pkg/build
[1.030s] Invoking command in '/home/emirhan/ros2_ws/src/my_py_pkg': PYTHONPATH=/home/emirhan/ros2_ws/build/my_py_pkg/prefix_override:/home/emirhan/ros2_ws/install/my_py_pkg/lib/python3.10/site-packages:${PYTHONPATH} /usr/bin/python3 setup.py egg_info --egg-base ../../build/my_py_pkg build --build-base /home/emirhan/ros2_ws/build/my_py_pkg/build install --record /home/emirhan/ros2_ws/build/my_py_pkg/install.log --single-version-externally-managed
[1.269s] running egg_info
[1.270s] writing ../../build/my_py_pkg/my_py_pkg.egg-info/PKG-INFO
[1.270s] writing dependency_links to ../../build/my_py_pkg/my_py_pkg.egg-info/dependency_links.txt
[1.270s] writing entry points to ../../build/my_py_pkg/my_py_pkg.egg-info/entry_points.txt
[1.271s] writing requirements to ../../build/my_py_pkg/my_py_pkg.egg-info/requires.txt
[1.271s] writing top-level names to ../../build/my_py_pkg/my_py_pkg.egg-info/top_level.txt
[1.272s] reading manifest file '../../build/my_py_pkg/my_py_pkg.egg-info/SOURCES.txt'
[1.273s] writing manifest file '../../build/my_py_pkg/my_py_pkg.egg-info/SOURCES.txt'
[1.273s] running build
[1.273s] running build_py
[1.273s] copying my_py_pkg/robot_news_station.py -> /home/emirhan/ros2_ws/build/my_py_pkg/build/lib/my_py_pkg
[1.273s] running install
[1.274s] running install_lib
[1.274s] copying /home/emirhan/ros2_ws/build/my_py_pkg/build/lib/my_py_pkg/robot_news_station.py -> /home/emirhan/ros2_ws/install/my_py_pkg/lib/python3.10/site-packages/my_py_pkg
[1.275s] byte-compiling /home/emirhan/ros2_ws/install/my_py_pkg/lib/python3.10/site-packages/my_py_pkg/robot_news_station.py to robot_news_station.cpython-310.pyc
[1.275s] running install_data
[1.276s] running install_egg_info
[1.277s] removing '/home/emirhan/ros2_ws/install/my_py_pkg/lib/python3.10/site-packages/my_py_pkg-0.0.0-py3.10.egg-info' (and everything under it)
[1.278s] Copying ../../build/my_py_pkg/my_py_pkg.egg-info to /home/emirhan/ros2_ws/install/my_py_pkg/lib/python3.10/site-packages/my_py_pkg-0.0.0-py3.10.egg-info
[1.278s] running install_scripts
[1.296s] Installing py_node script to /home/emirhan/ros2_ws/install/my_py_pkg/lib/my_py_pkg
[1.296s] Installing robot_news_station script to /home/emirhan/ros2_ws/install/my_py_pkg/lib/my_py_pkg
[1.296s] writing list of installed files to '/home/emirhan/ros2_ws/build/my_py_pkg/install.log'
[1.316s] Invoked command in '/home/emirhan/ros2_ws/src/my_py_pkg' returned '0': PYTHONPATH=/home/emirhan/ros2_ws/build/my_py_pkg/prefix_override:/home/emirhan/ros2_ws/install/my_py_pkg/lib/python3.10/site-packages:${PYTHONPATH} /usr/bin/python3 setup.py egg_info --egg-base ../../build/my_py_pkg build --build-base /home/emirhan/ros2_ws/build/my_py_pkg/build install --record /home/emirhan/ros2_ws/build/my_py_pkg/install.log --single-version-externally-managed
