[0.553s] Invoking command in '/home/emirhan/ros2_ws/build/my_py_pkg': PYTHONPATH=/home/emirhan/ros2_ws/build/my_py_pkg/prefix_override:/home/emirhan/ros2_ws/install/my_py_pkg/lib/python3.10/site-packages:${PYTHONPATH} /usr/bin/python3 setup.py develop --uninstall --editable --build-directory /home/emirhan/ros2_ws/build/my_py_pkg/build
[0.781s] running develop
[0.951s] Invoked command in '/home/emirhan/ros2_ws/build/my_py_pkg' returned '0': PYTHONPATH=/home/emirhan/ros2_ws/build/my_py_pkg/prefix_override:/home/emirhan/ros2_ws/install/my_py_pkg/lib/python3.10/site-packages:${PYTHONPATH} /usr/bin/python3 setup.py develop --uninstall --editable --build-directory /home/emirhan/ros2_ws/build/my_py_pkg/build
[0.952s] Invoking command in '/home/emirhan/ros2_ws/src/my_py_pkg': PYTHONPATH=/home/emirhan/ros2_ws/build/my_py_pkg/prefix_override:/home/emirhan/ros2_ws/install/my_py_pkg/lib/python3.10/site-packages:${PYTHONPATH} /usr/bin/python3 setup.py egg_info --egg-base ../../build/my_py_pkg build --build-base /home/emirhan/ros2_ws/build/my_py_pkg/build install --record /home/emirhan/ros2_ws/build/my_py_pkg/install.log --single-version-externally-managed
[1.167s] running egg_info
[1.168s] writing ../../build/my_py_pkg/my_py_pkg.egg-info/PKG-INFO
[1.168s] writing dependency_links to ../../build/my_py_pkg/my_py_pkg.egg-info/dependency_links.txt
[1.168s] writing entry points to ../../build/my_py_pkg/my_py_pkg.egg-info/entry_points.txt
[1.168s] writing requirements to ../../build/my_py_pkg/my_py_pkg.egg-info/requires.txt
[1.168s] writing top-level names to ../../build/my_py_pkg/my_py_pkg.egg-info/top_level.txt
[1.170s] reading manifest file '../../build/my_py_pkg/my_py_pkg.egg-info/SOURCES.txt'
[1.170s] writing manifest file '../../build/my_py_pkg/my_py_pkg.egg-info/SOURCES.txt'
[1.170s] running build
[1.171s] running build_py
[1.171s] copying my_py_pkg/reset_counter.py -> /home/emirhan/ros2_ws/build/my_py_pkg/build/lib/my_py_pkg
[1.171s] copying my_py_pkg/number_counter.py -> /home/emirhan/ros2_ws/build/my_py_pkg/build/lib/my_py_pkg
[1.171s] running install
[1.172s] running install_lib
[1.172s] copying /home/emirhan/ros2_ws/build/my_py_pkg/build/lib/my_py_pkg/reset_counter.py -> /home/emirhan/ros2_ws/install/my_py_pkg/lib/python3.10/site-packages/my_py_pkg
[1.172s] copying /home/emirhan/ros2_ws/build/my_py_pkg/build/lib/my_py_pkg/number_counter.py -> /home/emirhan/ros2_ws/install/my_py_pkg/lib/python3.10/site-packages/my_py_pkg
[1.173s] byte-compiling /home/emirhan/ros2_ws/install/my_py_pkg/lib/python3.10/site-packages/my_py_pkg/reset_counter.py to reset_counter.cpython-310.pyc
[1.173s] byte-compiling /home/emirhan/ros2_ws/install/my_py_pkg/lib/python3.10/site-packages/my_py_pkg/number_counter.py to number_counter.cpython-310.pyc
[1.174s] running install_data
[1.174s] running install_egg_info
[1.176s] removing '/home/emirhan/ros2_ws/install/my_py_pkg/lib/python3.10/site-packages/my_py_pkg-0.0.0-py3.10.egg-info' (and everything under it)
[1.176s] Copying ../../build/my_py_pkg/my_py_pkg.egg-info to /home/emirhan/ros2_ws/install/my_py_pkg/lib/python3.10/site-packages/my_py_pkg-0.0.0-py3.10.egg-info
[1.177s] running install_scripts
[1.193s] Installing add_two_ints_client script to /home/emirhan/ros2_ws/install/my_py_pkg/lib/my_py_pkg
[1.193s] Installing add_two_ints_client_no_oop script to /home/emirhan/ros2_ws/install/my_py_pkg/lib/my_py_pkg
[1.193s] Installing add_two_ints_server script to /home/emirhan/ros2_ws/install/my_py_pkg/lib/my_py_pkg
[1.193s] Installing number_counter script to /home/emirhan/ros2_ws/install/my_py_pkg/lib/my_py_pkg
[1.193s] Installing number_publisher script to /home/emirhan/ros2_ws/install/my_py_pkg/lib/my_py_pkg
[1.193s] Installing py_node script to /home/emirhan/ros2_ws/install/my_py_pkg/lib/my_py_pkg
[1.194s] Installing reset_number_counter script to /home/emirhan/ros2_ws/install/my_py_pkg/lib/my_py_pkg
[1.194s] Installing robot_news_station script to /home/emirhan/ros2_ws/install/my_py_pkg/lib/my_py_pkg
[1.194s] Installing smartphone script to /home/emirhan/ros2_ws/install/my_py_pkg/lib/my_py_pkg
[1.194s] writing list of installed files to '/home/emirhan/ros2_ws/build/my_py_pkg/install.log'
[1.213s] Invoked command in '/home/emirhan/ros2_ws/src/my_py_pkg' returned '0': PYTHONPATH=/home/emirhan/ros2_ws/build/my_py_pkg/prefix_override:/home/emirhan/ros2_ws/install/my_py_pkg/lib/python3.10/site-packages:${PYTHONPATH} /usr/bin/python3 setup.py egg_info --egg-base ../../build/my_py_pkg build --build-base /home/emirhan/ros2_ws/build/my_py_pkg/build install --record /home/emirhan/ros2_ws/build/my_py_pkg/install.log --single-version-externally-managed
