[0.555s] Invoking command in '/home/emirhan/ros2_ws/build/my_py_pkg': PYTHONPATH=/home/emirhan/ros2_ws/build/my_py_pkg/prefix_override:/home/emirhan/ros2_ws/install/my_py_pkg/lib/python3.10/site-packages:${PYTHONPATH} /usr/bin/python3 setup.py develop --uninstall --editable --build-directory /home/emirhan/ros2_ws/build/my_py_pkg/build
[0.789s] running develop
[0.962s] Invoked command in '/home/emirhan/ros2_ws/build/my_py_pkg' returned '0': PYTHONPATH=/home/emirhan/ros2_ws/build/my_py_pkg/prefix_override:/home/emirhan/ros2_ws/install/my_py_pkg/lib/python3.10/site-packages:${PYTHONPATH} /usr/bin/python3 setup.py develop --uninstall --editable --build-directory /home/emirhan/ros2_ws/build/my_py_pkg/build
[0.963s] Invoking command in '/home/emirhan/ros2_ws/src/my_py_pkg': PYTHONPATH=/home/emirhan/ros2_ws/build/my_py_pkg/prefix_override:/home/emirhan/ros2_ws/install/my_py_pkg/lib/python3.10/site-packages:${PYTHONPATH} /usr/bin/python3 setup.py egg_info --egg-base ../../build/my_py_pkg build --build-base /home/emirhan/ros2_ws/build/my_py_pkg/build install --record /home/emirhan/ros2_ws/build/my_py_pkg/install.log --single-version-externally-managed
[1.180s] running egg_info
[1.180s] writing ../../build/my_py_pkg/my_py_pkg.egg-info/PKG-INFO
[1.181s] writing dependency_links to ../../build/my_py_pkg/my_py_pkg.egg-info/dependency_links.txt
[1.181s] writing entry points to ../../build/my_py_pkg/my_py_pkg.egg-info/entry_points.txt
[1.181s] writing requirements to ../../build/my_py_pkg/my_py_pkg.egg-info/requires.txt
[1.181s] writing top-level names to ../../build/my_py_pkg/my_py_pkg.egg-info/top_level.txt
[1.183s] reading manifest file '../../build/my_py_pkg/my_py_pkg.egg-info/SOURCES.txt'
[1.185s] writing manifest file '../../build/my_py_pkg/my_py_pkg.egg-info/SOURCES.txt'
[1.185s] running build
[1.185s] running build_py
[1.186s] running install
[1.186s] running install_lib
[1.187s] running install_data
[1.187s] running install_egg_info
[1.189s] removing '/home/emirhan/ros2_ws/install/my_py_pkg/lib/python3.10/site-packages/my_py_pkg-0.0.0-py3.10.egg-info' (and everything under it)
[1.189s] Copying ../../build/my_py_pkg/my_py_pkg.egg-info to /home/emirhan/ros2_ws/install/my_py_pkg/lib/python3.10/site-packages/my_py_pkg-0.0.0-py3.10.egg-info
[1.190s] running install_scripts
[1.206s] Installing number_counter script to /home/emirhan/ros2_ws/install/my_py_pkg/lib/my_py_pkg
[1.207s] Installing number_publisher script to /home/emirhan/ros2_ws/install/my_py_pkg/lib/my_py_pkg
[1.207s] Installing py_node script to /home/emirhan/ros2_ws/install/my_py_pkg/lib/my_py_pkg
[1.207s] Installing robot_news_station script to /home/emirhan/ros2_ws/install/my_py_pkg/lib/my_py_pkg
[1.207s] Installing smartphone script to /home/emirhan/ros2_ws/install/my_py_pkg/lib/my_py_pkg
[1.208s] writing list of installed files to '/home/emirhan/ros2_ws/build/my_py_pkg/install.log'
[1.226s] Invoked command in '/home/emirhan/ros2_ws/src/my_py_pkg' returned '0': PYTHONPATH=/home/emirhan/ros2_ws/build/my_py_pkg/prefix_override:/home/emirhan/ros2_ws/install/my_py_pkg/lib/python3.10/site-packages:${PYTHONPATH} /usr/bin/python3 setup.py egg_info --egg-base ../../build/my_py_pkg build --build-base /home/emirhan/ros2_ws/build/my_py_pkg/build install --record /home/emirhan/ros2_ws/build/my_py_pkg/install.log --single-version-externally-managed
