[0.015s] Invoking command in '/home/emirhan/ros2_ws/build/mp_cpp_pkg': CMAKE_PREFIX_PATH=${CMAKE_PREFIX_PATH}:/home/emirhan/ros2_ws/install/my_py_pkg:/opt/ros/humble /usr/bin/cmake --build /home/emirhan/ros2_ws/build/mp_cpp_pkg -- -j8 -l8
[0.090s] -- Found ament_cmake: 1.3.5 (/opt/ros/humble/share/ament_cmake/cmake)
[0.228s] -- Override CMake install command with custom implementation using symlinks instead of copying resources
[0.268s] -- Found rclcpp: 16.0.5 (/opt/ros/humble/share/rclcpp/cmake)
[0.319s] -- Found rosidl_generator_c: 3.1.5 (/opt/ros/humble/share/rosidl_generator_c/cmake)
[0.321s] -- Found rosidl_adapter: 3.1.5 (/opt/ros/humble/share/rosidl_adapter/cmake)
[0.327s] -- Found rosidl_generator_cpp: 3.1.5 (/opt/ros/humble/share/rosidl_generator_cpp/cmake)
[0.337s] -- Using all available rosidl_typesupport_c: rosidl_typesupport_fastrtps_c;rosidl_typesupport_introspection_c
[0.352s] -- Using all available rosidl_typesupport_cpp: rosidl_typesupport_fastrtps_cpp;rosidl_typesupport_introspection_cpp
[0.409s] -- Found rmw_implementation_cmake: 6.1.1 (/opt/ros/humble/share/rmw_implementation_cmake/cmake)
[0.410s] -- Found rmw_fastrtps_cpp: 6.2.3 (/opt/ros/humble/share/rmw_fastrtps_cpp/cmake)
[0.517s] -- Using RMW implementation 'rmw_fastrtps_cpp' as default
[0.669s] -- Found example_interfaces: 0.9.3 (/opt/ros/humble/share/example_interfaces/cmake)
[0.872s] -- Configuring done
[0.901s] -- Generating done
[0.903s] -- Build files have been written to: /home/emirhan/ros2_ws/build/mp_cpp_pkg
[0.923s] [35m[1mConsolidate compiler generated dependencies of target cpp_node[0m
[0.923s] [35m[1mConsolidate compiler generated dependencies of target smartphone[0m
[0.923s] [35m[1mConsolidate compiler generated dependencies of target robot_news_station[0m
[0.933s] [ 12%] [32mBuilding CXX object CMakeFiles/number.dir/src/number_publisher.cpp.o[0m
[0.941s] [ 50%] Built target smartphone
[0.941s] [ 50%] [32mBuilding CXX object CMakeFiles/cpp_node.dir/src/my_first_node.cpp.o[0m
[0.943s] [ 75%] Built target robot_news_station
[0.977s] [01m[K/home/emirhan/ros2_ws/src/mp_cpp_pkg/src/number_publisher.cpp:1:10:[m[K [01;31m[Kfatal error: [m[Krclcpp/rclcpp.hpp: No such file or directory
[0.977s]     1 | #include [01;31m[K"rclcpp/rclcpp.hpp"[m[K
[0.977s]       |          [01;31m[K^~~~~~~~~~~~~~~~~~~[m[K
[0.977s] compilation terminated.
[0.978s] gmake[2]: *** [CMakeFiles/number.dir/build.make:76: CMakeFiles/number.dir/src/number_publisher.cpp.o] Error 1
[0.978s] gmake[1]: *** [CMakeFiles/Makefile2:221: CMakeFiles/number.dir/all] Error 2
[0.978s] gmake[1]: *** Waiting for unfinished jobs....
[3.431s] [ 87%] [32m[1mLinking CXX executable cpp_node[0m
[3.604s] [ 87%] Built target cpp_node
[3.605s] gmake: *** [Makefile:146: all] Error 2
[3.607s] Invoked command in '/home/emirhan/ros2_ws/build/mp_cpp_pkg' returned '2': CMAKE_PREFIX_PATH=${CMAKE_PREFIX_PATH}:/home/emirhan/ros2_ws/install/my_py_pkg:/opt/ros/humble /usr/bin/cmake --build /home/emirhan/ros2_ws/build/mp_cpp_pkg -- -j8 -l8
