[0.562s] Invoking command in '/home/emirhan/ros2_ws/src/my_py_pkg': PYTHONPATH=/home/emirhan/ros2_ws/src/build/my_py_pkg/prefix_override:/home/emirhan/ros2_ws/src/install/my_py_pkg/lib/python3.10/site-packages:${PYTHONPATH} /usr/bin/python3 setup.py egg_info --egg-base ../build/my_py_pkg build --build-base /home/emirhan/ros2_ws/src/build/my_py_pkg/build install --record /home/emirhan/ros2_ws/src/build/my_py_pkg/install.log --single-version-externally-managed
[0.782s] running egg_info
[0.783s] creating ../build/my_py_pkg/my_py_pkg.egg-info
[0.783s] writing ../build/my_py_pkg/my_py_pkg.egg-info/PKG-INFO
[0.783s] writing dependency_links to ../build/my_py_pkg/my_py_pkg.egg-info/dependency_links.txt
[0.783s] writing entry points to ../build/my_py_pkg/my_py_pkg.egg-info/entry_points.txt
[0.784s] writing requirements to ../build/my_py_pkg/my_py_pkg.egg-info/requires.txt
[0.784s] writing top-level names to ../build/my_py_pkg/my_py_pkg.egg-info/top_level.txt
[0.784s] writing manifest file '../build/my_py_pkg/my_py_pkg.egg-info/SOURCES.txt'
[0.786s] reading manifest file '../build/my_py_pkg/my_py_pkg.egg-info/SOURCES.txt'
[0.787s] writing manifest file '../build/my_py_pkg/my_py_pkg.egg-info/SOURCES.txt'
[0.787s] running build
[0.787s] running build_py
[0.787s] creating /home/emirhan/ros2_ws/src/build/my_py_pkg/build
[0.787s] creating /home/emirhan/ros2_ws/src/build/my_py_pkg/build/lib
[0.788s] creating /home/emirhan/ros2_ws/src/build/my_py_pkg/build/lib/my_py_pkg
[0.788s] copying my_py_pkg/__init__.py -> /home/emirhan/ros2_ws/src/build/my_py_pkg/build/lib/my_py_pkg
[0.788s] running install
[0.788s] running install_lib
[0.789s] creating /home/emirhan/ros2_ws/src/install/my_py_pkg/lib/python3.10/site-packages/my_py_pkg
[0.789s] copying /home/emirhan/ros2_ws/src/build/my_py_pkg/build/lib/my_py_pkg/__init__.py -> /home/emirhan/ros2_ws/src/install/my_py_pkg/lib/python3.10/site-packages/my_py_pkg
[0.789s] byte-compiling /home/emirhan/ros2_ws/src/install/my_py_pkg/lib/python3.10/site-packages/my_py_pkg/__init__.py to __init__.cpython-310.pyc
[0.789s] running install_data
[0.790s] creating /home/emirhan/ros2_ws/src/install/my_py_pkg/share/ament_index
[0.790s] creating /home/emirhan/ros2_ws/src/install/my_py_pkg/share/ament_index/resource_index
[0.790s] creating /home/emirhan/ros2_ws/src/install/my_py_pkg/share/ament_index/resource_index/packages
[0.790s] copying resource/my_py_pkg -> /home/emirhan/ros2_ws/src/install/my_py_pkg/share/ament_index/resource_index/packages
[0.791s] copying package.xml -> /home/emirhan/ros2_ws/src/install/my_py_pkg/share/my_py_pkg
[0.791s] running install_egg_info
[0.792s] Copying ../build/my_py_pkg/my_py_pkg.egg-info to /home/emirhan/ros2_ws/src/install/my_py_pkg/lib/python3.10/site-packages/my_py_pkg-0.0.0-py3.10.egg-info
[0.793s] running install_scripts
[0.810s] writing list of installed files to '/home/emirhan/ros2_ws/src/build/my_py_pkg/install.log'
[0.833s] Invoked command in '/home/emirhan/ros2_ws/src/my_py_pkg' returned '0': PYTHONPATH=/home/emirhan/ros2_ws/src/build/my_py_pkg/prefix_override:/home/emirhan/ros2_ws/src/install/my_py_pkg/lib/python3.10/site-packages:${PYTHONPATH} /usr/bin/python3 setup.py egg_info --egg-base ../build/my_py_pkg build --build-base /home/emirhan/ros2_ws/src/build/my_py_pkg/build install --record /home/emirhan/ros2_ws/src/build/my_py_pkg/install.log --single-version-externally-managed
