[0.012s] Invoking command in '/home/emirhan/ros2_ws/build/mp_cpp_pkg': CMAKE_PREFIX_PATH=${CMAKE_PREFIX_PATH}:/home/emirhan/ros2_ws/install/my_py_pkg:/opt/ros/humble /usr/bin/cmake --build /home/emirhan/ros2_ws/build/mp_cpp_pkg -- -j8 -l8
[0.047s] [35m[1mConsolidate compiler generated dependencies of target number_publisher[0m
[0.059s] [ 25%] Built target robot_news_station
[0.061s] [ 75%] Built target cpp_node
[0.061s] [ 75%] Built target smartphone
[0.064s] [ 87%] [32mBuilding CXX object CMakeFiles/number_publisher.dir/src/number_publisher.cpp.o[0m
[3.162s] [100%] [32m[1mLinking CXX executable number_publisher[0m
[3.303s] [100%] Built target number_publisher
[3.312s] Invoked command in '/home/emirhan/ros2_ws/build/mp_cpp_pkg' returned '0': CMAKE_PREFIX_PATH=${CMAKE_PREFIX_PATH}:/home/emirhan/ros2_ws/install/my_py_pkg:/opt/ros/humble /usr/bin/cmake --build /home/emirhan/ros2_ws/build/mp_cpp_pkg -- -j8 -l8
[3.347s] Invoking command in '/home/emirhan/ros2_ws/build/mp_cpp_pkg': CMAKE_PREFIX_PATH=${CMAKE_PREFIX_PATH}:/home/emirhan/ros2_ws/install/my_py_pkg:/opt/ros/humble /usr/bin/cmake --install /home/emirhan/ros2_ws/build/mp_cpp_pkg
[3.352s] -- Install configuration: ""
[3.352s] -- Execute custom install script
[3.353s] -- Up-to-date symlink: /home/emirhan/ros2_ws/install/mp_cpp_pkg/lib/mp_cpp_pkg/cpp_node
[3.353s] -- Up-to-date symlink: /home/emirhan/ros2_ws/install/mp_cpp_pkg/lib/mp_cpp_pkg/robot_news_station
[3.353s] -- Up-to-date symlink: /home/emirhan/ros2_ws/install/mp_cpp_pkg/lib/mp_cpp_pkg/smartphone
[3.353s] -- Up-to-date symlink: /home/emirhan/ros2_ws/install/mp_cpp_pkg/lib/mp_cpp_pkg/number_publisher
[3.353s] -- Up-to-date symlink: /home/emirhan/ros2_ws/install/mp_cpp_pkg/share/ament_index/resource_index/package_run_dependencies/mp_cpp_pkg
[3.353s] -- Up-to-date symlink: /home/emirhan/ros2_ws/install/mp_cpp_pkg/share/ament_index/resource_index/parent_prefix_path/mp_cpp_pkg
[3.353s] -- Up-to-date symlink: /home/emirhan/ros2_ws/install/mp_cpp_pkg/share/mp_cpp_pkg/environment/ament_prefix_path.sh
[3.353s] -- Up-to-date symlink: /home/emirhan/ros2_ws/install/mp_cpp_pkg/share/mp_cpp_pkg/environment/ament_prefix_path.dsv
[3.353s] -- Up-to-date symlink: /home/emirhan/ros2_ws/install/mp_cpp_pkg/share/mp_cpp_pkg/environment/path.sh
[3.354s] -- Up-to-date symlink: /home/emirhan/ros2_ws/install/mp_cpp_pkg/share/mp_cpp_pkg/environment/path.dsv
[3.354s] -- Up-to-date symlink: /home/emirhan/ros2_ws/install/mp_cpp_pkg/share/mp_cpp_pkg/local_setup.bash
[3.354s] -- Up-to-date symlink: /home/emirhan/ros2_ws/install/mp_cpp_pkg/share/mp_cpp_pkg/local_setup.sh
[3.354s] -- Up-to-date symlink: /home/emirhan/ros2_ws/install/mp_cpp_pkg/share/mp_cpp_pkg/local_setup.zsh
[3.354s] -- Up-to-date symlink: /home/emirhan/ros2_ws/install/mp_cpp_pkg/share/mp_cpp_pkg/local_setup.dsv
[3.354s] -- Symlinking: /home/emirhan/ros2_ws/install/mp_cpp_pkg/share/mp_cpp_pkg/package.dsv
[3.361s] -- Up-to-date symlink: /home/emirhan/ros2_ws/install/mp_cpp_pkg/share/ament_index/resource_index/packages/mp_cpp_pkg
[3.361s] -- Up-to-date symlink: /home/emirhan/ros2_ws/install/mp_cpp_pkg/share/mp_cpp_pkg/cmake/mp_cpp_pkgConfig.cmake
[3.361s] -- Up-to-date symlink: /home/emirhan/ros2_ws/install/mp_cpp_pkg/share/mp_cpp_pkg/cmake/mp_cpp_pkgConfig-version.cmake
[3.362s] -- Up-to-date symlink: /home/emirhan/ros2_ws/install/mp_cpp_pkg/share/mp_cpp_pkg/package.xml
[3.364s] Invoked command in '/home/emirhan/ros2_ws/build/mp_cpp_pkg' returned '0': CMAKE_PREFIX_PATH=${CMAKE_PREFIX_PATH}:/home/emirhan/ros2_ws/install/my_py_pkg:/opt/ros/humble /usr/bin/cmake --install /home/emirhan/ros2_ws/build/mp_cpp_pkg
