[0.015s] Invoking command in '/home/emirhan/ros2_ws/build/mp_cpp_pkg': CMAKE_PREFIX_PATH=${CMAKE_PREFIX_PATH}:/home/emirhan/ros2_ws/install/my_py_pkg:/opt/ros/humble /usr/bin/cmake --build /home/emirhan/ros2_ws/build/mp_cpp_pkg -- -j8 -l8
[0.048s] [35m[1mConsolidate compiler generated dependencies of target cpp_node[0m
[0.063s] [ 50%] [32mBuilding CXX object CMakeFiles/cpp_node.dir/src/my_first_node.cpp.o[0m
[2.526s] [100%] [32m[1mLinking CXX executable cpp_node[0m
[2.624s] [100%] Built target cpp_node
[2.634s] Invoked command in '/home/emirhan/ros2_ws/build/mp_cpp_pkg' returned '0': CMAKE_PREFIX_PATH=${CMAKE_PREFIX_PATH}:/home/emirhan/ros2_ws/install/my_py_pkg:/opt/ros/humble /usr/bin/cmake --build /home/emirhan/ros2_ws/build/mp_cpp_pkg -- -j8 -l8
[2.662s] Invoking command in '/home/emirhan/ros2_ws/build/mp_cpp_pkg': CMAKE_PREFIX_PATH=${CMAKE_PREFIX_PATH}:/home/emirhan/ros2_ws/install/my_py_pkg:/opt/ros/humble /usr/bin/cmake --install /home/emirhan/ros2_ws/build/mp_cpp_pkg
[2.668s] -- Install configuration: ""
[2.668s] -- Installing: /home/emirhan/ros2_ws/install/mp_cpp_pkg/lib/mp_cpp_pkg/cpp_node
[2.669s] -- Set runtime path of "/home/emirhan/ros2_ws/install/mp_cpp_pkg/lib/mp_cpp_pkg/cpp_node" to ""
[2.669s] -- Up-to-date: /home/emirhan/ros2_ws/install/mp_cpp_pkg/share/ament_index/resource_index/package_run_dependencies/mp_cpp_pkg
[2.670s] -- Up-to-date: /home/emirhan/ros2_ws/install/mp_cpp_pkg/share/ament_index/resource_index/parent_prefix_path/mp_cpp_pkg
[2.670s] -- Up-to-date: /home/emirhan/ros2_ws/install/mp_cpp_pkg/share/mp_cpp_pkg/environment/ament_prefix_path.sh
[2.670s] -- Up-to-date: /home/emirhan/ros2_ws/install/mp_cpp_pkg/share/mp_cpp_pkg/environment/ament_prefix_path.dsv
[2.670s] -- Up-to-date: /home/emirhan/ros2_ws/install/mp_cpp_pkg/share/mp_cpp_pkg/environment/path.sh
[2.670s] -- Up-to-date: /home/emirhan/ros2_ws/install/mp_cpp_pkg/share/mp_cpp_pkg/environment/path.dsv
[2.670s] -- Up-to-date: /home/emirhan/ros2_ws/install/mp_cpp_pkg/share/mp_cpp_pkg/local_setup.bash
[2.670s] -- Up-to-date: /home/emirhan/ros2_ws/install/mp_cpp_pkg/share/mp_cpp_pkg/local_setup.sh
[2.671s] -- Up-to-date: /home/emirhan/ros2_ws/install/mp_cpp_pkg/share/mp_cpp_pkg/local_setup.zsh
[2.671s] -- Up-to-date: /home/emirhan/ros2_ws/install/mp_cpp_pkg/share/mp_cpp_pkg/local_setup.dsv
[2.671s] -- Installing: /home/emirhan/ros2_ws/install/mp_cpp_pkg/share/mp_cpp_pkg/package.dsv
[2.671s] -- Up-to-date: /home/emirhan/ros2_ws/install/mp_cpp_pkg/share/ament_index/resource_index/packages/mp_cpp_pkg
[2.671s] -- Up-to-date: /home/emirhan/ros2_ws/install/mp_cpp_pkg/share/mp_cpp_pkg/cmake/mp_cpp_pkgConfig.cmake
[2.671s] -- Up-to-date: /home/emirhan/ros2_ws/install/mp_cpp_pkg/share/mp_cpp_pkg/cmake/mp_cpp_pkgConfig-version.cmake
[2.671s] -- Up-to-date: /home/emirhan/ros2_ws/install/mp_cpp_pkg/share/mp_cpp_pkg/package.xml
[2.672s] Invoked command in '/home/emirhan/ros2_ws/build/mp_cpp_pkg' returned '0': CMAKE_PREFIX_PATH=${CMAKE_PREFIX_PATH}:/home/emirhan/ros2_ws/install/my_py_pkg:/opt/ros/humble /usr/bin/cmake --install /home/emirhan/ros2_ws/build/mp_cpp_pkg
