[35m[1mConsolidate compiler generated dependencies of target number_counter[0m
[ 25%] Built target smartphone
[ 25%] Built target cpp_node
[ 37%] Built target number_publisher
[ 62%] Built target add_two_ints_client
[ 62%] Built target robot_news_station
[ 75%] Built target add_two_ints_client_no_oop
[ 87%] Built target add_two_ints_server
[ 93%] [32mBuilding CXX object CMakeFiles/number_counter.dir/src/number_counter.cpp.o[0m
[01m[K/home/emirhan/ros2_ws/src/mp_cpp_pkg/src/number_counter.cpp:[m[K In constructor ‘[01m[KnumberCounterNode::numberCounterNode()[m[K’:
[01m[K/home/emirhan/ros2_ws/src/mp_cpp_pkg/src/number_counter.cpp:15:21:[m[K [01;31m[Kerror: [m[Kexpected ‘[01m[K)[m[K’ before ‘[01m[Kstd[m[K’
   15 |                     [01;31m[Kstd[m[K::bind(&numberCounterNode::resetCounterService, this, std::placeholders::_1, std::placeholders::_2));
      |                     [01;31m[K^~~[m[K
[01m[K/home/emirhan/ros2_ws/src/mp_cpp_pkg/src/number_counter.cpp:14:74:[m[K [01;36m[Knote: [m[Kto match this ‘[01m[K([m[K’
   14 |         service_ = this->create_service<example_interfaces::srv::SetBool>[01;36m[K([m[K"reset_counter"
      |                                                                          [01;36m[K^[m[K
[01m[K/home/emirhan/ros2_ws/src/mp_cpp_pkg/src/number_counter.cpp:14:74:[m[K [01;31m[Kerror: [m[Kno matching function for call to ‘[01m[KnumberCounterNode::create_service<example_interfaces::srv::SetBool>(const char [14])[m[K’
   14 |         service_ = [01;31m[Kthis->create_service<example_interfaces::srv::SetBool>("reset_counter"[m[K
      |                    [01;31m[K~~~~~~~~~~~~~~~~~~~~~~~~~~~~~~~~~~~~~~~~~~~~~~~~~~~~~~^~~~~~~~~~~~~~~~[m[K
   15 | [01;31m[K                    std[m[K::bind(&numberCounterNode::resetCounterService, this, std::placeholders::_1, std::placeholders::_2));
      |                     [01;31m[K~~~[m[K                                                   
In file included from [01m[K/opt/ros/humble/include/rclcpp/rclcpp/executors/single_threaded_executor.hpp:28[m[K,
                 from [01m[K/opt/ros/humble/include/rclcpp/rclcpp/executors.hpp:22[m[K,
                 from [01m[K/opt/ros/humble/include/rclcpp/rclcpp/rclcpp.hpp:155[m[K,
                 from [01m[K/home/emirhan/ros2_ws/src/mp_cpp_pkg/src/number_counter.cpp:1[m[K:
[01m[K/opt/ros/humble/include/rclcpp/rclcpp/node.hpp:267:3:[m[K [01;36m[Knote: [m[Kcandidate: ‘[01m[Ktemplate<class ServiceT, class CallbackT> typename rclcpp::Service<ServiceT>::SharedPtr rclcpp::Node::create_service(const string&, CallbackT&&, const rmw_qos_profile_t&, rclcpp::CallbackGroup::SharedPtr)[m[K’
  267 |   [01;36m[Kcreate_service[m[K(
      |   [01;36m[K^~~~~~~~~~~~~~[m[K
[01m[K/opt/ros/humble/include/rclcpp/rclcpp/node.hpp:267:3:[m[K [01;36m[Knote: [m[K  template argument deduction/substitution failed:
[01m[K/home/emirhan/ros2_ws/src/mp_cpp_pkg/src/number_counter.cpp:14:74:[m[K [01;36m[Knote: [m[K  candidate expects 4 arguments, 1 provided
   14 |         service_ = [01;36m[Kthis->create_service<example_interfaces::srv::SetBool>("reset_counter"[m[K
      |                    [01;36m[K~~~~~~~~~~~~~~~~~~~~~~~~~~~~~~~~~~~~~~~~~~~~~~~~~~~~~~^~~~~~~~~~~~~~~~[m[K
   15 | [01;36m[K                    std[m[K::bind(&numberCounterNode::resetCounterService, this, std::placeholders::_1, std::placeholders::_2));
      |                     [01;36m[K~~~[m[K                                                   
[01m[K/home/emirhan/ros2_ws/src/mp_cpp_pkg/src/number_counter.cpp:[m[K In member function ‘[01m[Kvoid numberCounterNode::numberCallNumberPublisher(example_interfaces::msg::Int64_<std::allocator<void> >::SharedPtr)[m[K’:
[01m[K/home/emirhan/ros2_ws/src/mp_cpp_pkg/src/number_counter.cpp:21:84:[m[K [01;35m[Kwarning: [m[Kunused parameter ‘[01m[Kmsg[m[K’ [[01;35m[K]8;;https://gcc.gnu.org/onlinedocs/gcc/Warning-Options.html#index-Wunused-parameter-Wunused-parameter]8;;[m[K]
   21 |     void numberCallNumberPublisher([01;35m[Kconst example_interfaces::msg::Int64::SharedPtr msg[m[K)
      |                                    [01;35m[K~~~~~~~~~~~~~~~~~~~~~~~~~~~~~~~~~~~~~~~~~~~~~~~~^~~[m[K
gmake[2]: *** [CMakeFiles/number_counter.dir/build.make:76: CMakeFiles/number_counter.dir/src/number_counter.cpp.o] Error 1
gmake[1]: *** [CMakeFiles/Makefile2:255: CMakeFiles/number_counter.dir/all] Error 2
gmake: *** [Makefile:146: all] Error 2
