[0.011s] Invoking command in '/home/emirhan/ros2_ws/build/mp_cpp_pkg': CMAKE_PREFIX_PATH=${CMAKE_PREFIX_PATH}:/home/emirhan/ros2_ws/install/my_py_pkg:/opt/ros/humble /usr/bin/cmake --build /home/emirhan/ros2_ws/build/mp_cpp_pkg -- -j8 -l8
[0.030s] -- Found ament_cmake: 1.3.5 (/opt/ros/humble/share/ament_cmake/cmake)
[0.144s] -- Override CMake install command with custom implementation using symlinks instead of copying resources
[0.150s] -- Found rclcpp: 16.0.5 (/opt/ros/humble/share/rclcpp/cmake)
[0.177s] -- Found rosidl_generator_c: 3.1.5 (/opt/ros/humble/share/rosidl_generator_c/cmake)
[0.179s] -- Found rosidl_adapter: 3.1.5 (/opt/ros/humble/share/rosidl_adapter/cmake)
[0.185s] -- Found rosidl_generator_cpp: 3.1.5 (/opt/ros/humble/share/rosidl_generator_cpp/cmake)
[0.194s] -- Using all available rosidl_typesupport_c: rosidl_typesupport_fastrtps_c;rosidl_typesupport_introspection_c
[0.208s] -- Using all available rosidl_typesupport_cpp: rosidl_typesupport_fastrtps_cpp;rosidl_typesupport_introspection_cpp
[0.261s] -- Found rmw_implementation_cmake: 6.1.1 (/opt/ros/humble/share/rmw_implementation_cmake/cmake)
[0.262s] -- Found rmw_fastrtps_cpp: 6.2.3 (/opt/ros/humble/share/rmw_fastrtps_cpp/cmake)
[0.362s] -- Using RMW implementation 'rmw_fastrtps_cpp' as default
[0.507s] -- Found example_interfaces: 0.9.3 (/opt/ros/humble/share/example_interfaces/cmake)
[0.690s] -- Configuring done
[0.705s] -- Generating done
[0.707s] -- Build files have been written to: /home/emirhan/ros2_ws/build/mp_cpp_pkg
[0.727s] [35m[1mConsolidate compiler generated dependencies of target smartphone[0m
[0.727s] [35m[1mConsolidate compiler generated dependencies of target robot_news_station[0m
[0.727s] [35m[1mConsolidate compiler generated dependencies of target cpp_node[0m
[0.737s] [ 12%] [32mBuilding CXX object CMakeFiles/number_publisher.dir/src/number_publisher.cpp.o[0m
[0.744s] [ 37%] Built target smartphone
[0.746s] [ 62%] Built target robot_news_station
[0.747s] [ 87%] Built target cpp_node
[3.827s] [100%] [32m[1mLinking CXX executable number_publisher[0m
[3.974s] [100%] Built target number_publisher
[3.983s] Invoked command in '/home/emirhan/ros2_ws/build/mp_cpp_pkg' returned '0': CMAKE_PREFIX_PATH=${CMAKE_PREFIX_PATH}:/home/emirhan/ros2_ws/install/my_py_pkg:/opt/ros/humble /usr/bin/cmake --build /home/emirhan/ros2_ws/build/mp_cpp_pkg -- -j8 -l8
[4.015s] Invoking command in '/home/emirhan/ros2_ws/build/mp_cpp_pkg': CMAKE_PREFIX_PATH=${CMAKE_PREFIX_PATH}:/home/emirhan/ros2_ws/install/my_py_pkg:/opt/ros/humble /usr/bin/cmake --install /home/emirhan/ros2_ws/build/mp_cpp_pkg
[4.021s] -- Install configuration: ""
[4.021s] -- Execute custom install script
[4.022s] -- Up-to-date symlink: /home/emirhan/ros2_ws/install/mp_cpp_pkg/lib/mp_cpp_pkg/cpp_node
[4.022s] -- Up-to-date symlink: /home/emirhan/ros2_ws/install/mp_cpp_pkg/lib/mp_cpp_pkg/robot_news_station
[4.022s] -- Up-to-date symlink: /home/emirhan/ros2_ws/install/mp_cpp_pkg/lib/mp_cpp_pkg/smartphone
[4.022s] -- Symlinking: /home/emirhan/ros2_ws/install/mp_cpp_pkg/lib/mp_cpp_pkg/number_publisher
[4.029s] -- Up-to-date symlink: /home/emirhan/ros2_ws/install/mp_cpp_pkg/share/ament_index/resource_index/package_run_dependencies/mp_cpp_pkg
[4.029s] -- Up-to-date symlink: /home/emirhan/ros2_ws/install/mp_cpp_pkg/share/ament_index/resource_index/parent_prefix_path/mp_cpp_pkg
[4.029s] -- Up-to-date symlink: /home/emirhan/ros2_ws/install/mp_cpp_pkg/share/mp_cpp_pkg/environment/ament_prefix_path.sh
[4.030s] -- Up-to-date symlink: /home/emirhan/ros2_ws/install/mp_cpp_pkg/share/mp_cpp_pkg/environment/ament_prefix_path.dsv
[4.030s] -- Up-to-date symlink: /home/emirhan/ros2_ws/install/mp_cpp_pkg/share/mp_cpp_pkg/environment/path.sh
[4.030s] -- Up-to-date symlink: /home/emirhan/ros2_ws/install/mp_cpp_pkg/share/mp_cpp_pkg/environment/path.dsv
[4.030s] -- Up-to-date symlink: /home/emirhan/ros2_ws/install/mp_cpp_pkg/share/mp_cpp_pkg/local_setup.bash
[4.031s] -- Up-to-date symlink: /home/emirhan/ros2_ws/install/mp_cpp_pkg/share/mp_cpp_pkg/local_setup.sh
[4.031s] -- Up-to-date symlink: /home/emirhan/ros2_ws/install/mp_cpp_pkg/share/mp_cpp_pkg/local_setup.zsh
[4.031s] -- Up-to-date symlink: /home/emirhan/ros2_ws/install/mp_cpp_pkg/share/mp_cpp_pkg/local_setup.dsv
[4.031s] -- Symlinking: /home/emirhan/ros2_ws/install/mp_cpp_pkg/share/mp_cpp_pkg/package.dsv
[4.038s] -- Up-to-date symlink: /home/emirhan/ros2_ws/install/mp_cpp_pkg/share/ament_index/resource_index/packages/mp_cpp_pkg
[4.038s] -- Up-to-date symlink: /home/emirhan/ros2_ws/install/mp_cpp_pkg/share/mp_cpp_pkg/cmake/mp_cpp_pkgConfig.cmake
[4.039s] -- Up-to-date symlink: /home/emirhan/ros2_ws/install/mp_cpp_pkg/share/mp_cpp_pkg/cmake/mp_cpp_pkgConfig-version.cmake
[4.039s] -- Up-to-date symlink: /home/emirhan/ros2_ws/install/mp_cpp_pkg/share/mp_cpp_pkg/package.xml
[4.042s] Invoked command in '/home/emirhan/ros2_ws/build/mp_cpp_pkg' returned '0': CMAKE_PREFIX_PATH=${CMAKE_PREFIX_PATH}:/home/emirhan/ros2_ws/install/my_py_pkg:/opt/ros/humble /usr/bin/cmake --install /home/emirhan/ros2_ws/build/mp_cpp_pkg
