[0.282s] DEBUG:colcon:Command line arguments: ['/usr/bin/colcon', 'build']
[0.282s] DEBUG:colcon:Parsed command line arguments: Namespace(log_base=None, log_level=None, verb_name='build', build_base='build', install_base='install', merge_install=False, symlink_install=False, test_result_base=None, continue_on_error=False, executor='parallel', parallel_workers=8, event_handlers=None, ignore_user_meta=False, metas=['./colcon.meta'], base_paths=['.'], packages_ignore=None, packages_ignore_regex=None, paths=None, packages_up_to=None, packages_up_to_regex=None, packages_above=None, packages_above_and_dependencies=None, packages_above_depth=None, packages_select_by_dep=None, packages_skip_by_dep=None, packages_skip_up_to=None, packages_select_build_failed=False, packages_skip_build_finished=False, packages_select_test_failures=False, packages_skip_test_passed=False, packages_select=None, packages_skip=None, packages_select_regex=None, packages_skip_regex=None, packages_start=None, packages_end=None, allow_overriding=[], cmake_args=None, cmake_target=None, cmake_target_skip_unavailable=False, cmake_clean_cache=False, cmake_clean_first=False, cmake_force_configure=False, ament_cmake_args=None, catkin_cmake_args=None, catkin_skip_building_tests=False, verb_parser=<colcon_defaults.argument_parser.defaults.DefaultArgumentsDecorator object at 0x7f99627e4400>, verb_extension=<colcon_core.verb.build.BuildVerb object at 0x7f99627abe50>, main=<bound method BuildVerb.main of <colcon_core.verb.build.BuildVerb object at 0x7f99627abe50>>)
[0.301s] Level 1:colcon.colcon_core.package_discovery:discover_packages(colcon_meta) check parameters
[0.302s] Level 1:colcon.colcon_core.package_discovery:discover_packages(recursive) check parameters
[0.302s] Level 1:colcon.colcon_core.package_discovery:discover_packages(ignore) check parameters
[0.302s] Level 1:colcon.colcon_core.package_discovery:discover_packages(path) check parameters
[0.302s] Level 1:colcon.colcon_core.package_discovery:discover_packages(colcon_meta) discover
[0.302s] Level 1:colcon.colcon_core.package_discovery:discover_packages(recursive) discover
[0.302s] INFO:colcon.colcon_core.package_discovery:Crawling recursively for packages in '/home/emirhan/ros2_ws/src'
[0.302s] Level 1:colcon.colcon_core.package_identification:_identify(.) by extensions ['ignore', 'ignore_ament_install']
[0.302s] Level 1:colcon.colcon_core.package_identification:_identify(.) by extension 'ignore'
[0.302s] Level 1:colcon.colcon_core.package_identification:_identify(.) by extension 'ignore_ament_install'
[0.302s] Level 1:colcon.colcon_core.package_identification:_identify(.) by extensions ['colcon_pkg']
[0.302s] Level 1:colcon.colcon_core.package_identification:_identify(.) by extension 'colcon_pkg'
[0.302s] Level 1:colcon.colcon_core.package_identification:_identify(.) by extensions ['colcon_meta']
[0.302s] Level 1:colcon.colcon_core.package_identification:_identify(.) by extension 'colcon_meta'
[0.302s] Level 1:colcon.colcon_core.package_identification:_identify(.) by extensions ['ros']
[0.302s] Level 1:colcon.colcon_core.package_identification:_identify(.) by extension 'ros'
[0.311s] Level 1:colcon.colcon_core.package_identification:_identify(.) by extensions ['cmake', 'python']
[0.311s] Level 1:colcon.colcon_core.package_identification:_identify(.) by extension 'cmake'
[0.311s] Level 1:colcon.colcon_core.package_identification:_identify(.) by extension 'python'
[0.311s] Level 1:colcon.colcon_core.package_identification:_identify(.) by extensions ['python_setup_py']
[0.311s] Level 1:colcon.colcon_core.package_identification:_identify(.) by extension 'python_setup_py'
[0.311s] Level 1:colcon.colcon_core.package_identification:_identify(build) by extensions ['ignore', 'ignore_ament_install']
[0.311s] Level 1:colcon.colcon_core.package_identification:_identify(build) by extension 'ignore'
[0.311s] Level 1:colcon.colcon_core.package_identification:_identify(build) ignored
[0.311s] Level 1:colcon.colcon_core.package_identification:_identify(install) by extensions ['ignore', 'ignore_ament_install']
[0.312s] Level 1:colcon.colcon_core.package_identification:_identify(install) by extension 'ignore'
[0.312s] Level 1:colcon.colcon_core.package_identification:_identify(install) ignored
[0.312s] Level 1:colcon.colcon_core.package_identification:_identify(log) by extensions ['ignore', 'ignore_ament_install']
[0.312s] Level 1:colcon.colcon_core.package_identification:_identify(log) by extension 'ignore'
[0.312s] Level 1:colcon.colcon_core.package_identification:_identify(log) ignored
[0.312s] Level 1:colcon.colcon_core.package_identification:_identify(my_cpp_pkg) by extensions ['ignore', 'ignore_ament_install']
[0.312s] Level 1:colcon.colcon_core.package_identification:_identify(my_cpp_pkg) by extension 'ignore'
[0.312s] Level 1:colcon.colcon_core.package_identification:_identify(my_cpp_pkg) by extension 'ignore_ament_install'
[0.312s] Level 1:colcon.colcon_core.package_identification:_identify(my_cpp_pkg) by extensions ['colcon_pkg']
[0.312s] Level 1:colcon.colcon_core.package_identification:_identify(my_cpp_pkg) by extension 'colcon_pkg'
[0.312s] Level 1:colcon.colcon_core.package_identification:_identify(my_cpp_pkg) by extensions ['colcon_meta']
[0.312s] Level 1:colcon.colcon_core.package_identification:_identify(my_cpp_pkg) by extension 'colcon_meta'
[0.312s] Level 1:colcon.colcon_core.package_identification:_identify(my_cpp_pkg) by extensions ['ros']
[0.312s] Level 1:colcon.colcon_core.package_identification:_identify(my_cpp_pkg) by extension 'ros'
[0.314s] DEBUG:colcon.colcon_core.package_identification:Package 'my_cpp_pkg' with type 'ros.ament_cmake' and name 'mp_cpp_pkg'
[0.314s] Level 1:colcon.colcon_core.package_identification:_identify(my_py_pkg) by extensions ['ignore', 'ignore_ament_install']
[0.315s] Level 1:colcon.colcon_core.package_identification:_identify(my_py_pkg) by extension 'ignore'
[0.315s] Level 1:colcon.colcon_core.package_identification:_identify(my_py_pkg) by extension 'ignore_ament_install'
[0.315s] Level 1:colcon.colcon_core.package_identification:_identify(my_py_pkg) by extensions ['colcon_pkg']
[0.315s] Level 1:colcon.colcon_core.package_identification:_identify(my_py_pkg) by extension 'colcon_pkg'
[0.315s] Level 1:colcon.colcon_core.package_identification:_identify(my_py_pkg) by extensions ['colcon_meta']
[0.315s] Level 1:colcon.colcon_core.package_identification:_identify(my_py_pkg) by extension 'colcon_meta'
[0.315s] Level 1:colcon.colcon_core.package_identification:_identify(my_py_pkg) by extensions ['ros']
[0.315s] Level 1:colcon.colcon_core.package_identification:_identify(my_py_pkg) by extension 'ros'
[0.315s] DEBUG:colcon.colcon_core.package_identification:Package 'my_py_pkg' with type 'ros.ament_python' and name 'my_py_pkg'
[0.315s] Level 1:colcon.colcon_core.package_discovery:discover_packages(recursive) using defaults
[0.315s] Level 1:colcon.colcon_core.package_discovery:discover_packages(ignore) discover
[0.315s] Level 1:colcon.colcon_core.package_discovery:discover_packages(ignore) using defaults
[0.315s] Level 1:colcon.colcon_core.package_discovery:discover_packages(path) discover
[0.315s] Level 1:colcon.colcon_core.package_discovery:discover_packages(path) using defaults
[0.334s] Level 1:colcon.colcon_core.package_discovery:discover_packages(prefix_path) check parameters
[0.334s] Level 1:colcon.colcon_core.package_discovery:discover_packages(prefix_path) discover
[0.336s] DEBUG:colcon.colcon_installed_package_information.package_discovery:Found 2 installed packages in /home/emirhan/ros2_ws/install
[0.337s] DEBUG:colcon.colcon_installed_package_information.package_discovery:Found 270 installed packages in /opt/ros/humble
[0.338s] Level 1:colcon.colcon_core.package_discovery:discover_packages(prefix_path) using defaults
[0.388s] Level 5:colcon.colcon_core.verb:set package 'mp_cpp_pkg' build argument 'cmake_args' from command line to 'None'
[0.388s] Level 5:colcon.colcon_core.verb:set package 'mp_cpp_pkg' build argument 'cmake_target' from command line to 'None'
[0.388s] Level 5:colcon.colcon_core.verb:set package 'mp_cpp_pkg' build argument 'cmake_target_skip_unavailable' from command line to 'False'
[0.388s] Level 5:colcon.colcon_core.verb:set package 'mp_cpp_pkg' build argument 'cmake_clean_cache' from command line to 'False'
[0.388s] Level 5:colcon.colcon_core.verb:set package 'mp_cpp_pkg' build argument 'cmake_clean_first' from command line to 'False'
[0.388s] Level 5:colcon.colcon_core.verb:set package 'mp_cpp_pkg' build argument 'cmake_force_configure' from command line to 'False'
[0.388s] Level 5:colcon.colcon_core.verb:set package 'mp_cpp_pkg' build argument 'ament_cmake_args' from command line to 'None'
[0.388s] Level 5:colcon.colcon_core.verb:set package 'mp_cpp_pkg' build argument 'catkin_cmake_args' from command line to 'None'
[0.388s] Level 5:colcon.colcon_core.verb:set package 'mp_cpp_pkg' build argument 'catkin_skip_building_tests' from command line to 'False'
[0.388s] DEBUG:colcon.colcon_core.verb:Building package 'mp_cpp_pkg' with the following arguments: {'ament_cmake_args': None, 'build_base': '/home/emirhan/ros2_ws/src/build/mp_cpp_pkg', 'catkin_cmake_args': None, 'catkin_skip_building_tests': False, 'cmake_args': None, 'cmake_clean_cache': False, 'cmake_clean_first': False, 'cmake_force_configure': False, 'cmake_target': None, 'cmake_target_skip_unavailable': False, 'install_base': '/home/emirhan/ros2_ws/src/install/mp_cpp_pkg', 'merge_install': False, 'path': '/home/emirhan/ros2_ws/src/my_cpp_pkg', 'symlink_install': False, 'test_result_base': None}
[0.389s] Level 5:colcon.colcon_core.verb:set package 'my_py_pkg' build argument 'cmake_args' from command line to 'None'
[0.389s] Level 5:colcon.colcon_core.verb:set package 'my_py_pkg' build argument 'cmake_target' from command line to 'None'
[0.389s] Level 5:colcon.colcon_core.verb:set package 'my_py_pkg' build argument 'cmake_target_skip_unavailable' from command line to 'False'
[0.389s] Level 5:colcon.colcon_core.verb:set package 'my_py_pkg' build argument 'cmake_clean_cache' from command line to 'False'
[0.389s] Level 5:colcon.colcon_core.verb:set package 'my_py_pkg' build argument 'cmake_clean_first' from command line to 'False'
[0.389s] Level 5:colcon.colcon_core.verb:set package 'my_py_pkg' build argument 'cmake_force_configure' from command line to 'False'
[0.389s] Level 5:colcon.colcon_core.verb:set package 'my_py_pkg' build argument 'ament_cmake_args' from command line to 'None'
[0.389s] Level 5:colcon.colcon_core.verb:set package 'my_py_pkg' build argument 'catkin_cmake_args' from command line to 'None'
[0.389s] Level 5:colcon.colcon_core.verb:set package 'my_py_pkg' build argument 'catkin_skip_building_tests' from command line to 'False'
[0.389s] DEBUG:colcon.colcon_core.verb:Building package 'my_py_pkg' with the following arguments: {'ament_cmake_args': None, 'build_base': '/home/emirhan/ros2_ws/src/build/my_py_pkg', 'catkin_cmake_args': None, 'catkin_skip_building_tests': False, 'cmake_args': None, 'cmake_clean_cache': False, 'cmake_clean_first': False, 'cmake_force_configure': False, 'cmake_target': None, 'cmake_target_skip_unavailable': False, 'install_base': '/home/emirhan/ros2_ws/src/install/my_py_pkg', 'merge_install': False, 'path': '/home/emirhan/ros2_ws/src/my_py_pkg', 'symlink_install': False, 'test_result_base': None}
[0.390s] INFO:colcon.colcon_core.executor:Executing jobs using 'parallel' executor
[0.393s] DEBUG:colcon.colcon_parallel_executor.executor.parallel:run_until_complete
[0.393s] INFO:colcon.colcon_ros.task.ament_cmake.build:Building ROS package in '/home/emirhan/ros2_ws/src/my_cpp_pkg' with build type 'ament_cmake'
[0.393s] INFO:colcon.colcon_cmake.task.cmake.build:Building CMake package in '/home/emirhan/ros2_ws/src/my_cpp_pkg'
[0.396s] INFO:colcon.colcon_core.plugin_system:Skipping extension 'colcon_core.shell.bat': Not used on non-Windows systems
[0.396s] INFO:colcon.colcon_core.shell:Skip shell extension 'powershell' for command environment: Not usable outside of PowerShell
[0.396s] DEBUG:colcon.colcon_core.shell:Skip shell extension 'dsv' for command environment
[0.400s] INFO:colcon.colcon_ros.task.ament_python.build:Building ROS package in '/home/emirhan/ros2_ws/src/my_py_pkg' with build type 'ament_python'
[0.400s] Level 1:colcon.colcon_core.shell:create_environment_hook('my_py_pkg', 'ament_prefix_path')
[0.401s] INFO:colcon.colcon_core.shell:Creating environment hook '/home/emirhan/ros2_ws/src/install/my_py_pkg/share/my_py_pkg/hook/ament_prefix_path.ps1'
[0.402s] INFO:colcon.colcon_core.shell:Creating environment descriptor '/home/emirhan/ros2_ws/src/install/my_py_pkg/share/my_py_pkg/hook/ament_prefix_path.dsv'
[0.402s] INFO:colcon.colcon_core.shell:Creating environment hook '/home/emirhan/ros2_ws/src/install/my_py_pkg/share/my_py_pkg/hook/ament_prefix_path.sh'
[0.404s] INFO:colcon.colcon_core.shell:Skip shell extension 'powershell' for command environment: Not usable outside of PowerShell
[0.404s] DEBUG:colcon.colcon_core.shell:Skip shell extension 'dsv' for command environment
[0.410s] DEBUG:colcon.colcon_core.event_handler.log_command:Invoking command in '/home/emirhan/ros2_ws/src/build/mp_cpp_pkg': CMAKE_PREFIX_PATH=/home/emirhan/ros2_ws/install/my_py_pkg:/opt/ros/humble /usr/bin/cmake /home/emirhan/ros2_ws/src/my_cpp_pkg -DCMAKE_INSTALL_PREFIX=/home/emirhan/ros2_ws/src/install/mp_cpp_pkg
[0.648s] INFO:colcon.colcon_core.task.python.build:Building Python package in '/home/emirhan/ros2_ws/src/my_py_pkg'
[0.649s] INFO:colcon.colcon_core.shell:Skip shell extension 'powershell' for command environment: Not usable outside of PowerShell
[0.649s] DEBUG:colcon.colcon_core.shell:Skip shell extension 'dsv' for command environment
[0.964s] DEBUG:colcon.colcon_core.event_handler.log_command:Invoking command in '/home/emirhan/ros2_ws/src/my_py_pkg': PYTHONPATH=/home/emirhan/ros2_ws/src/build/my_py_pkg/prefix_override:/home/emirhan/ros2_ws/src/install/my_py_pkg/lib/python3.10/site-packages:${PYTHONPATH} /usr/bin/python3 setup.py egg_info --egg-base ../build/my_py_pkg build --build-base /home/emirhan/ros2_ws/src/build/my_py_pkg/build install --record /home/emirhan/ros2_ws/src/build/my_py_pkg/install.log --single-version-externally-managed
[1.235s] DEBUG:colcon.colcon_core.event_handler.log_command:Invoked command in '/home/emirhan/ros2_ws/src/my_py_pkg' returned '0': PYTHONPATH=/home/emirhan/ros2_ws/src/build/my_py_pkg/prefix_override:/home/emirhan/ros2_ws/src/install/my_py_pkg/lib/python3.10/site-packages:${PYTHONPATH} /usr/bin/python3 setup.py egg_info --egg-base ../build/my_py_pkg build --build-base /home/emirhan/ros2_ws/src/build/my_py_pkg/build install --record /home/emirhan/ros2_ws/src/build/my_py_pkg/install.log --single-version-externally-managed
[1.239s] Level 1:colcon.colcon_core.environment:checking '/home/emirhan/ros2_ws/src/install/my_py_pkg' for CMake module files
[1.239s] Level 1:colcon.colcon_core.environment:checking '/home/emirhan/ros2_ws/src/install/my_py_pkg' for CMake config files
[1.240s] Level 1:colcon.colcon_core.environment:checking '/home/emirhan/ros2_ws/src/install/my_py_pkg/lib'
[1.240s] Level 1:colcon.colcon_core.environment:checking '/home/emirhan/ros2_ws/src/install/my_py_pkg/bin'
[1.240s] Level 1:colcon.colcon_core.environment:checking '/home/emirhan/ros2_ws/src/install/my_py_pkg/lib/pkgconfig/my_py_pkg.pc'
[1.240s] Level 1:colcon.colcon_core.environment:checking '/home/emirhan/ros2_ws/src/install/my_py_pkg/lib/python3.10/site-packages'
[1.240s] Level 1:colcon.colcon_core.shell:create_environment_hook('my_py_pkg', 'pythonpath')
[1.241s] INFO:colcon.colcon_core.shell:Creating environment hook '/home/emirhan/ros2_ws/src/install/my_py_pkg/share/my_py_pkg/hook/pythonpath.ps1'
[1.241s] INFO:colcon.colcon_core.shell:Creating environment descriptor '/home/emirhan/ros2_ws/src/install/my_py_pkg/share/my_py_pkg/hook/pythonpath.dsv'
[1.242s] INFO:colcon.colcon_core.shell:Creating environment hook '/home/emirhan/ros2_ws/src/install/my_py_pkg/share/my_py_pkg/hook/pythonpath.sh'
[1.242s] Level 1:colcon.colcon_core.environment:checking '/home/emirhan/ros2_ws/src/install/my_py_pkg/bin'
[1.242s] Level 1:colcon.colcon_core.environment:create_environment_scripts_only(my_py_pkg)
[1.243s] INFO:colcon.colcon_core.shell:Creating package script '/home/emirhan/ros2_ws/src/install/my_py_pkg/share/my_py_pkg/package.ps1'
[1.244s] INFO:colcon.colcon_core.shell:Creating package descriptor '/home/emirhan/ros2_ws/src/install/my_py_pkg/share/my_py_pkg/package.dsv'
[1.244s] INFO:colcon.colcon_core.shell:Creating package script '/home/emirhan/ros2_ws/src/install/my_py_pkg/share/my_py_pkg/package.sh'
[1.245s] INFO:colcon.colcon_core.shell:Creating package script '/home/emirhan/ros2_ws/src/install/my_py_pkg/share/my_py_pkg/package.bash'
[1.245s] INFO:colcon.colcon_core.shell:Creating package script '/home/emirhan/ros2_ws/src/install/my_py_pkg/share/my_py_pkg/package.zsh'
[1.246s] Level 1:colcon.colcon_core.environment:create_file_with_runtime_dependencies(/home/emirhan/ros2_ws/src/install/my_py_pkg/share/colcon-core/packages/my_py_pkg)
[1.493s] DEBUG:colcon.colcon_core.event_handler.log_command:Invoked command in '/home/emirhan/ros2_ws/src/build/mp_cpp_pkg' returned '0': CMAKE_PREFIX_PATH=/home/emirhan/ros2_ws/install/my_py_pkg:/opt/ros/humble /usr/bin/cmake /home/emirhan/ros2_ws/src/my_cpp_pkg -DCMAKE_INSTALL_PREFIX=/home/emirhan/ros2_ws/src/install/mp_cpp_pkg
[1.495s] DEBUG:colcon.colcon_core.event_handler.log_command:Invoking command in '/home/emirhan/ros2_ws/src/build/mp_cpp_pkg': CMAKE_PREFIX_PATH=/home/emirhan/ros2_ws/install/my_py_pkg:/opt/ros/humble /usr/bin/cmake --build /home/emirhan/ros2_ws/src/build/mp_cpp_pkg -- -j8 -l8
[1.526s] DEBUG:colcon.colcon_core.event_handler.log_command:Invoked command in '/home/emirhan/ros2_ws/src/build/mp_cpp_pkg' returned '0': CMAKE_PREFIX_PATH=/home/emirhan/ros2_ws/install/my_py_pkg:/opt/ros/humble /usr/bin/cmake --build /home/emirhan/ros2_ws/src/build/mp_cpp_pkg -- -j8 -l8
[1.550s] DEBUG:colcon.colcon_core.event_handler.log_command:Invoking command in '/home/emirhan/ros2_ws/src/build/mp_cpp_pkg': CMAKE_PREFIX_PATH=/home/emirhan/ros2_ws/install/my_py_pkg:/opt/ros/humble /usr/bin/cmake --install /home/emirhan/ros2_ws/src/build/mp_cpp_pkg
[1.559s] Level 1:colcon.colcon_core.environment:create_environment_scripts_only(mp_cpp_pkg)
[1.559s] DEBUG:colcon.colcon_core.event_handler.log_command:Invoked command in '/home/emirhan/ros2_ws/src/build/mp_cpp_pkg' returned '0': CMAKE_PREFIX_PATH=/home/emirhan/ros2_ws/install/my_py_pkg:/opt/ros/humble /usr/bin/cmake --install /home/emirhan/ros2_ws/src/build/mp_cpp_pkg
[1.561s] Level 1:colcon.colcon_core.environment:checking '/home/emirhan/ros2_ws/src/install/mp_cpp_pkg' for CMake module files
[1.561s] Level 1:colcon.colcon_core.environment:checking '/home/emirhan/ros2_ws/src/install/mp_cpp_pkg' for CMake config files
[1.562s] Level 1:colcon.colcon_core.shell:create_environment_hook('mp_cpp_pkg', 'cmake_prefix_path')
[1.563s] INFO:colcon.colcon_core.shell:Creating environment hook '/home/emirhan/ros2_ws/src/install/mp_cpp_pkg/share/mp_cpp_pkg/hook/cmake_prefix_path.ps1'
[1.563s] INFO:colcon.colcon_core.shell:Creating environment descriptor '/home/emirhan/ros2_ws/src/install/mp_cpp_pkg/share/mp_cpp_pkg/hook/cmake_prefix_path.dsv'
[1.563s] INFO:colcon.colcon_core.shell:Creating environment hook '/home/emirhan/ros2_ws/src/install/mp_cpp_pkg/share/mp_cpp_pkg/hook/cmake_prefix_path.sh'
[1.564s] Level 1:colcon.colcon_core.environment:checking '/home/emirhan/ros2_ws/src/install/mp_cpp_pkg/bin'
[1.564s] Level 1:colcon.colcon_core.environment:checking '/home/emirhan/ros2_ws/src/install/mp_cpp_pkg/lib/pkgconfig/mp_cpp_pkg.pc'
[1.564s] Level 1:colcon.colcon_core.environment:checking '/home/emirhan/ros2_ws/src/install/mp_cpp_pkg/lib/python3.10/site-packages'
[1.564s] Level 1:colcon.colcon_core.environment:checking '/home/emirhan/ros2_ws/src/install/mp_cpp_pkg/bin'
[1.565s] INFO:colcon.colcon_core.shell:Creating package script '/home/emirhan/ros2_ws/src/install/mp_cpp_pkg/share/mp_cpp_pkg/package.ps1'
[1.566s] INFO:colcon.colcon_core.shell:Creating package descriptor '/home/emirhan/ros2_ws/src/install/mp_cpp_pkg/share/mp_cpp_pkg/package.dsv'
[1.566s] INFO:colcon.colcon_core.shell:Creating package script '/home/emirhan/ros2_ws/src/install/mp_cpp_pkg/share/mp_cpp_pkg/package.sh'
[1.566s] INFO:colcon.colcon_core.shell:Creating package script '/home/emirhan/ros2_ws/src/install/mp_cpp_pkg/share/mp_cpp_pkg/package.bash'
[1.567s] INFO:colcon.colcon_core.shell:Creating package script '/home/emirhan/ros2_ws/src/install/mp_cpp_pkg/share/mp_cpp_pkg/package.zsh'
[1.567s] Level 1:colcon.colcon_core.environment:create_file_with_runtime_dependencies(/home/emirhan/ros2_ws/src/install/mp_cpp_pkg/share/colcon-core/packages/mp_cpp_pkg)
[1.586s] Level 1:colcon.colcon_core.environment:create_environment_scripts_only(mp_cpp_pkg)
[1.587s] Level 1:colcon.colcon_core.environment:checking '/home/emirhan/ros2_ws/src/install/mp_cpp_pkg' for CMake module files
[1.588s] Level 1:colcon.colcon_core.environment:checking '/home/emirhan/ros2_ws/src/install/mp_cpp_pkg' for CMake config files
[1.588s] Level 1:colcon.colcon_core.shell:create_environment_hook('mp_cpp_pkg', 'cmake_prefix_path')
[1.589s] INFO:colcon.colcon_core.shell:Creating environment hook '/home/emirhan/ros2_ws/src/install/mp_cpp_pkg/share/mp_cpp_pkg/hook/cmake_prefix_path.ps1'
[1.589s] INFO:colcon.colcon_core.shell:Creating environment descriptor '/home/emirhan/ros2_ws/src/install/mp_cpp_pkg/share/mp_cpp_pkg/hook/cmake_prefix_path.dsv'
[1.589s] INFO:colcon.colcon_core.shell:Creating environment hook '/home/emirhan/ros2_ws/src/install/mp_cpp_pkg/share/mp_cpp_pkg/hook/cmake_prefix_path.sh'
[1.590s] Level 1:colcon.colcon_core.environment:checking '/home/emirhan/ros2_ws/src/install/mp_cpp_pkg/bin'
[1.590s] Level 1:colcon.colcon_core.environment:checking '/home/emirhan/ros2_ws/src/install/mp_cpp_pkg/lib/pkgconfig/mp_cpp_pkg.pc'
[1.590s] Level 1:colcon.colcon_core.environment:checking '/home/emirhan/ros2_ws/src/install/mp_cpp_pkg/lib/python3.10/site-packages'
[1.590s] Level 1:colcon.colcon_core.environment:checking '/home/emirhan/ros2_ws/src/install/mp_cpp_pkg/bin'
[1.591s] INFO:colcon.colcon_core.shell:Creating package script '/home/emirhan/ros2_ws/src/install/mp_cpp_pkg/share/mp_cpp_pkg/package.ps1'
[1.592s] INFO:colcon.colcon_core.shell:Creating package descriptor '/home/emirhan/ros2_ws/src/install/mp_cpp_pkg/share/mp_cpp_pkg/package.dsv'
[1.592s] INFO:colcon.colcon_core.shell:Creating package script '/home/emirhan/ros2_ws/src/install/mp_cpp_pkg/share/mp_cpp_pkg/package.sh'
[1.592s] INFO:colcon.colcon_core.shell:Creating package script '/home/emirhan/ros2_ws/src/install/mp_cpp_pkg/share/mp_cpp_pkg/package.bash'
[1.593s] INFO:colcon.colcon_core.shell:Creating package script '/home/emirhan/ros2_ws/src/install/mp_cpp_pkg/share/mp_cpp_pkg/package.zsh'
[1.593s] Level 1:colcon.colcon_core.environment:create_file_with_runtime_dependencies(/home/emirhan/ros2_ws/src/install/mp_cpp_pkg/share/colcon-core/packages/mp_cpp_pkg)
[1.593s] DEBUG:colcon.colcon_parallel_executor.executor.parallel:closing loop
[1.593s] DEBUG:colcon.colcon_parallel_executor.executor.parallel:loop closed
[1.593s] DEBUG:colcon.colcon_parallel_executor.executor.parallel:run_until_complete finished with '0'
[1.593s] DEBUG:colcon.colcon_core.event_reactor:joining thread
[1.599s] INFO:colcon.colcon_core.plugin_system:Skipping extension 'colcon_notification.desktop_notification.terminal_notifier': Not used on non-Darwin systems
[1.599s] INFO:colcon.colcon_core.plugin_system:Skipping extension 'colcon_notification.desktop_notification.win32': Not used on non-Windows systems
[1.599s] INFO:colcon.colcon_notification.desktop_notification:Sending desktop notification using 'notify2'
[1.608s] DEBUG:colcon.colcon_core.event_reactor:joined thread
[1.609s] INFO:colcon.colcon_core.shell:Creating prefix script '/home/emirhan/ros2_ws/src/install/local_setup.ps1'
[1.610s] INFO:colcon.colcon_core.shell:Creating prefix util module '/home/emirhan/ros2_ws/src/install/_local_setup_util_ps1.py'
[1.611s] INFO:colcon.colcon_core.shell:Creating prefix chain script '/home/emirhan/ros2_ws/src/install/setup.ps1'
[1.613s] INFO:colcon.colcon_core.shell:Creating prefix script '/home/emirhan/ros2_ws/src/install/local_setup.sh'
[1.613s] INFO:colcon.colcon_core.shell:Creating prefix util module '/home/emirhan/ros2_ws/src/install/_local_setup_util_sh.py'
[1.613s] INFO:colcon.colcon_core.shell:Creating prefix chain script '/home/emirhan/ros2_ws/src/install/setup.sh'
[1.615s] INFO:colcon.colcon_core.shell:Creating prefix script '/home/emirhan/ros2_ws/src/install/local_setup.bash'
[1.615s] INFO:colcon.colcon_core.shell:Creating prefix chain script '/home/emirhan/ros2_ws/src/install/setup.bash'
[1.616s] INFO:colcon.colcon_core.shell:Creating prefix script '/home/emirhan/ros2_ws/src/install/local_setup.zsh'
[1.616s] INFO:colcon.colcon_core.shell:Creating prefix chain script '/home/emirhan/ros2_ws/src/install/setup.zsh'
