[0.667s] Invoking command in '/home/emirhan/ros2_ws/build/my_py_pkg': PYTHONPATH=/home/emirhan/ros2_ws/build/my_py_pkg/prefix_override:/home/emirhan/ros2_ws/install/my_py_pkg/lib/python3.10/site-packages:${PYTHONPATH} /usr/bin/python3 setup.py develop --uninstall --editable --build-directory /home/emirhan/ros2_ws/build/my_py_pkg/build
[0.912s] running develop
[1.094s] Invoked command in '/home/emirhan/ros2_ws/build/my_py_pkg' returned '0': PYTHONPATH=/home/emirhan/ros2_ws/build/my_py_pkg/prefix_override:/home/emirhan/ros2_ws/install/my_py_pkg/lib/python3.10/site-packages:${PYTHONPATH} /usr/bin/python3 setup.py develop --uninstall --editable --build-directory /home/emirhan/ros2_ws/build/my_py_pkg/build
[1.096s] Invoking command in '/home/emirhan/ros2_ws/src/my_py_pkg': PYTHONPATH=/home/emirhan/ros2_ws/build/my_py_pkg/prefix_override:/home/emirhan/ros2_ws/install/my_py_pkg/lib/python3.10/site-packages:${PYTHONPATH} /usr/bin/python3 setup.py egg_info --egg-base ../../build/my_py_pkg build --build-base /home/emirhan/ros2_ws/build/my_py_pkg/build install --record /home/emirhan/ros2_ws/build/my_py_pkg/install.log --single-version-externally-managed
[1.324s] running egg_info
[1.324s] writing ../../build/my_py_pkg/my_py_pkg.egg-info/PKG-INFO
[1.325s] writing dependency_links to ../../build/my_py_pkg/my_py_pkg.egg-info/dependency_links.txt
[1.325s] writing entry points to ../../build/my_py_pkg/my_py_pkg.egg-info/entry_points.txt
[1.325s] writing requirements to ../../build/my_py_pkg/my_py_pkg.egg-info/requires.txt
[1.325s] writing top-level names to ../../build/my_py_pkg/my_py_pkg.egg-info/top_level.txt
[1.327s] reading manifest file '../../build/my_py_pkg/my_py_pkg.egg-info/SOURCES.txt'
[1.328s] writing manifest file '../../build/my_py_pkg/my_py_pkg.egg-info/SOURCES.txt'
[1.328s] running build
[1.328s] running build_py
[1.328s] running install
[1.328s] running install_lib
[1.329s] running install_data
[1.330s] copying package.xml -> /home/emirhan/ros2_ws/install/my_py_pkg/share/my_py_pkg
[1.330s] running install_egg_info
[1.331s] removing '/home/emirhan/ros2_ws/install/my_py_pkg/lib/python3.10/site-packages/my_py_pkg-0.0.0-py3.10.egg-info' (and everything under it)
[1.332s] Copying ../../build/my_py_pkg/my_py_pkg.egg-info to /home/emirhan/ros2_ws/install/my_py_pkg/lib/python3.10/site-packages/my_py_pkg-0.0.0-py3.10.egg-info
[1.333s] running install_scripts
[1.349s] Installing py_node script to /home/emirhan/ros2_ws/install/my_py_pkg/lib/my_py_pkg
[1.350s] Installing robot_news_station script to /home/emirhan/ros2_ws/install/my_py_pkg/lib/my_py_pkg
[1.350s] writing list of installed files to '/home/emirhan/ros2_ws/build/my_py_pkg/install.log'
[1.369s] Invoked command in '/home/emirhan/ros2_ws/src/my_py_pkg' returned '0': PYTHONPATH=/home/emirhan/ros2_ws/build/my_py_pkg/prefix_override:/home/emirhan/ros2_ws/install/my_py_pkg/lib/python3.10/site-packages:${PYTHONPATH} /usr/bin/python3 setup.py egg_info --egg-base ../../build/my_py_pkg build --build-base /home/emirhan/ros2_ws/build/my_py_pkg/build install --record /home/emirhan/ros2_ws/build/my_py_pkg/install.log --single-version-externally-managed
